22:01:52: Creating resource group General
22:01:52: Creating resource group Internal
22:01:52: Creating resource group Autodetect
22:01:52: SceneManagerFactory for type 'DefaultSceneManager' registered.
22:01:52: Registering ResourceManager for type Material
22:01:52: Registering ResourceManager for type Mesh
22:01:52: Registering ResourceManager for type Skeleton
22:01:52: MovableObjectFactory for type 'ParticleSystem' registered.
22:01:52: ArchiveFactory for archive type FileSystem registered.
22:01:52: ArchiveFactory for archive type Zip registered.
22:01:52: ArchiveFactory for archive type EmbeddedZip registered.
22:01:52: DDS codec registering
22:01:52: FreeImage version: 3.17.0
22:01:52: This program uses FreeImage, a free, open source image library supporting all common bitmap formats. See http://freeimage.sourceforge.net for details
22:01:52: Supported formats: bmp,ico,jpg,jif,jpeg,jpe,jng,koa,iff,lbm,mng,pbm,pbm,pcd,pcx,pgm,pgm,png,ppm,ppm,ras,tga,targa,tif,tiff,wap,wbmp,wbm,psd,cut,xbm,xpm,gif,hdr,g3,sgi,rgb,rgba,bw,exr,j2k,j2c,jp2,pfm,pct,pict,pic,3fr,arw,bay,bmq,cap,cine,cr2,crw,cs1,dc2,dcr,drf,dsc,dng,erf,fff,ia,iiq,k25,kc2,kdc,mdc,mef,mos,mrw,nef,nrw,orf,pef,ptx,pxn,qtk,raf,raw,rdc,rw2,rwl,rwz,sr2,srf,srw,sti,x3f,webp,jxr,wdp,hdp
22:01:52: Registering ResourceManager for type HighLevelGpuProgram
22:01:52: Registering ResourceManager for type Compositor
22:01:52: MovableObjectFactory for type 'Entity' registered.
22:01:52: MovableObjectFactory for type 'Light' registered.
22:01:52: MovableObjectFactory for type 'BillboardSet' registered.
22:01:52: MovableObjectFactory for type 'ManualObject' registered.
22:01:52: MovableObjectFactory for type 'BillboardChain' registered.
22:01:52: MovableObjectFactory for type 'RibbonTrail' registered.
22:01:52: Loading library /usr/local/lib/OGRE/RenderSystem_GL
22:01:52: Installing plugin: GL RenderSystem
22:01:52: OpenGL Rendering Subsystem created.
22:01:52: Plugin successfully installed
22:01:52: Loading library /usr/local/lib/OGRE/Plugin_ParticleFX
22:01:52: Installing plugin: ParticleFX
22:01:52: Particle Emitter Type 'Point' registered
22:01:52: Particle Emitter Type 'Box' registered
22:01:52: Particle Emitter Type 'Ellipsoid' registered
22:01:52: Particle Emitter Type 'Cylinder' registered
22:01:52: Particle Emitter Type 'Ring' registered
22:01:52: Particle Emitter Type 'HollowEllipsoid' registered
22:01:52: Particle Affector Type 'LinearForce' registered
22:01:52: Particle Affector Type 'ColourFader' registered
22:01:52: Particle Affector Type 'ColourFader2' registered
22:01:52: Particle Affector Type 'ColourImage' registered
22:01:52: Particle Affector Type 'ColourInterpolator' registered
22:01:52: Particle Affector Type 'Scaler' registered
22:01:52: Particle Affector Type 'Rotator' registered
22:01:52: Particle Affector Type 'DirectionRandomiser' registered
22:01:52: Particle Affector Type 'DeflectorPlane' registered
22:01:52: Plugin successfully installed
22:01:52: Loading library /usr/local/lib/OGRE/Plugin_BSPSceneManager
22:01:52: Installing plugin: BSP Scene Manager
22:01:52: Plugin successfully installed
22:01:52: Loading library /usr/local/lib/OGRE/Plugin_CgProgramManager
22:01:52: Installing plugin: Cg Program Manager
22:01:52: Plugin successfully installed
22:01:52: Loading library /usr/local/lib/OGRE/Plugin_PCZSceneManager
22:01:52: Installing plugin: Portal Connected Zone Scene Manager
22:01:52: PCZone Factory Type 'ZoneType_Default' registered
22:01:52: Plugin successfully installed
22:01:52: Loading library /usr/local/lib/OGRE/Plugin_OctreeZone
22:01:52: Installing plugin: Octree Zone Factory
22:01:52: Plugin successfully installed
22:01:52: Loading library /usr/local/lib/OGRE/Plugin_OctreeSceneManager
22:01:52: Installing plugin: Octree Scene Manager
22:01:52: Plugin successfully installed
22:01:52: *-*-* OGRE Initialising
22:01:52: *-*-* Version 1.9.0 (Ghadamon)
22:01:52: Creating resource group Essential
22:01:52: Added resource location '/usr/local/share/OGRE/Media/thumbnails' of type 'FileSystem' to resource group 'Essential'
22:01:52: Added resource location '/usr/local/share/OGRE/Media/packs/SdkTrays.zip' of type 'Zip' to resource group 'Essential'
22:01:52: Added resource location '/usr/local/share/OGRE/Media/packs/profiler.zip' of type 'Zip' to resource group 'Essential'
22:01:52: Added resource location '/usr/local/share/OGRE/Media' of type 'FileSystem' to resource group 'General'
22:01:52: Creating resource group Popular
22:01:52: Added resource location '/usr/local/share/OGRE/Media/fonts' of type 'FileSystem' to resource group 'Popular'
22:01:52: Added resource location '/usr/local/share/OGRE/Media/materials/programs' of type 'FileSystem' to resource group 'Popular'
22:01:52: Added resource location '/usr/local/share/OGRE/Media/materials/scripts' of type 'FileSystem' to resource group 'Popular'
22:01:52: Added resource location '/usr/local/share/OGRE/Media/materials/textures' of type 'FileSystem' to resource group 'Popular'
22:01:52: Added resource location '/usr/local/share/OGRE/Media/materials/textures/nvidia' of type 'FileSystem' to resource group 'Popular'
22:01:52: Added resource location '/usr/local/share/OGRE/Media/models' of type 'FileSystem' to resource group 'Popular'
22:01:52: Added resource location '/usr/local/share/OGRE/Media/particle' of type 'FileSystem' to resource group 'Popular'
22:01:52: Added resource location '/usr/local/share/OGRE/Media/DeferredShadingMedia' of type 'FileSystem' to resource group 'Popular'
22:01:52: Added resource location '/usr/local/share/OGRE/Media/PCZAppMedia' of type 'FileSystem' to resource group 'Popular'
22:01:52: Added resource location '/usr/local/share/OGRE/Media/RTShaderLib' of type 'FileSystem' to resource group 'Popular'
22:01:52: Added resource location '/usr/local/share/OGRE/Media/RTShaderLib/materials' of type 'FileSystem' to resource group 'Popular'
22:01:52: Added resource location '/usr/local/share/OGRE/Media/materials/scripts/SSAO' of type 'FileSystem' to resource group 'Popular'
22:01:52: Added resource location '/usr/local/share/OGRE/Media/materials/textures/SSAO' of type 'FileSystem' to resource group 'Popular'
22:01:52: Added resource location '/usr/local/share/OGRE/Media/volumeTerrain' of type 'FileSystem' to resource group 'Popular'
22:01:52: Added resource location '/usr/local/share/OGRE/Media/packs/cubemap.zip' of type 'Zip' to resource group 'Popular'
22:01:52: Added resource location '/usr/local/share/OGRE/Media/packs/cubemapsJS.zip' of type 'Zip' to resource group 'Popular'
22:01:52: Added resource location '/usr/local/share/OGRE/Media/packs/dragon.zip' of type 'Zip' to resource group 'Popular'
22:01:52: Added resource location '/usr/local/share/OGRE/Media/packs/fresneldemo.zip' of type 'Zip' to resource group 'Popular'
22:01:52: Added resource location '/usr/local/share/OGRE/Media/packs/ogretestmap.zip' of type 'Zip' to resource group 'Popular'
22:01:52: Added resource location '/usr/local/share/OGRE/Media/packs/ogredance.zip' of type 'Zip' to resource group 'Popular'
22:01:52: Added resource location '/usr/local/share/OGRE/Media/packs/Sinbad.zip' of type 'Zip' to resource group 'Popular'
22:01:52: Added resource location '/usr/local/share/OGRE/Media/packs/skybox.zip' of type 'Zip' to resource group 'Popular'
22:01:52: Added resource location '/usr/local/share/OGRE/Media/volumeTerrain/volumeTerrainBig.zip' of type 'Zip' to resource group 'Popular'
22:01:52: Creating resource group Tests
22:01:52: Added resource location '/usr/local/Tests/Media' of type 'FileSystem' to resource group 'Tests'
22:01:52: Added resource location '/usr/local/share/OGRE/Media/RTShaderLib/GLSL' of type 'FileSystem' to resource group 'Tests'
22:01:52: Added resource location '/usr/local/share/OGRE/Media/materials/programs/GLSL' of type 'FileSystem' to resource group 'Tests'
22:01:52: Added resource location '/usr/local/share/OGRE/Media/materials/programs/Cg' of type 'FileSystem' to resource group 'Tests'
22:01:52: Added resource location '/home/christian/Desktop/cs381/eclipse-wokspace/As1/assets' of type 'FileSystem' to resource group 'Tests'
22:01:54: CPU Identifier & Features
22:01:54: -------------------------
22:01:54:  *   CPU ID: GenuineIntel: Intel(R) Core(TM) i5-8250U CPU @ 1.60GHz
22:01:54:  *      SSE: yes
22:01:54:  *     SSE2: yes
22:01:54:  *     SSE3: yes
22:01:54:  *      MMX: yes
22:01:54:  *   MMXEXT: yes
22:01:54:  *    3DNOW: no
22:01:54:  * 3DNOWEXT: no
22:01:54:  *     CMOV: yes
22:01:54:  *      TSC: yes
22:01:54:  *      FPU: yes
22:01:54:  *      PRO: yes
22:01:54:  *       HT: no
22:01:54: -------------------------
22:01:54: ******************************
*** Starting GLX Subsystem ***
******************************
22:01:54: Registering ResourceManager for type Texture
22:01:54: GLRenderSystem::_createRenderWindow "TutorialApplication Render Window", 800x600 windowed  miscParams: FSAA=0 displayFrequency=60 Hz gamma=No vsync=No 
22:01:54: GLXWindow::create used FBConfigID = 198
22:01:54: GL_VERSION = 3.0 Mesa 19.2.1
22:01:54: GL_VENDOR = Intel Open Source Technology Center
22:01:54: GL_RENDERER = Mesa DRI Intel(R) UHD Graphics 620 (Kabylake GT2) 
22:01:54: GL_EXTENSIONS = GL_ARB_multisample GL_EXT_abgr GL_EXT_bgra GL_EXT_blend_color GL_EXT_blend_minmax GL_EXT_blend_subtract GL_EXT_copy_texture GL_EXT_subtexture GL_EXT_texture_object GL_EXT_vertex_array GL_EXT_compiled_vertex_array GL_EXT_texture GL_EXT_texture3D GL_IBM_rasterpos_clip GL_ARB_point_parameters GL_EXT_draw_range_elements GL_EXT_packed_pixels GL_EXT_point_parameters GL_EXT_rescale_normal GL_EXT_separate_specular_color GL_EXT_texture_edge_clamp GL_SGIS_generate_mipmap GL_SGIS_texture_border_clamp GL_SGIS_texture_edge_clamp GL_SGIS_texture_lod GL_ARB_framebuffer_sRGB GL_ARB_multitexture GL_EXT_framebuffer_sRGB GL_IBM_multimode_draw_arrays GL_IBM_texture_mirrored_repeat GL_3DFX_texture_compression_FXT1 GL_ARB_texture_cube_map GL_ARB_texture_env_add GL_ARB_transpose_matrix GL_EXT_blend_func_separate GL_EXT_fog_coord GL_EXT_multi_draw_arrays GL_EXT_secondary_color GL_EXT_texture_env_add GL_EXT_texture_filter_anisotropic GL_EXT_texture_lod_bias GL_INGR_blend_func_separate GL_NV_blend_square GL_NV_light_max_exponent GL_NV_texgen_reflection GL_NV_texture_env_combine4 GL_S3_s3tc GL_SUN_multi_draw_arrays GL_ARB_texture_border_clamp GL_ARB_texture_compression GL_EXT_framebuffer_object GL_EXT_texture_compression_s3tc GL_EXT_texture_env_combine GL_EXT_texture_env_dot3 GL_MESA_window_pos GL_NV_packed_depth_stencil GL_NV_texture_rectangle GL_ARB_depth_texture GL_ARB_occlusion_query GL_ARB_shadow GL_ARB_texture_env_combine GL_ARB_texture_env_crossbar GL_ARB_texture_env_dot3 GL_ARB_texture_mirrored_repeat GL_ARB_window_pos GL_EXT_stencil_two_side GL_EXT_texture_cube_map GL_NV_depth_clamp GL_NV_fog_distance GL_APPLE_packed_pixels GL_ARB_draw_buffers GL_ARB_fragment_program GL_ARB_fragment_shader GL_ARB_shader_objects GL_ARB_vertex_program GL_ARB_vertex_shader GL_ATI_draw_buffers GL_ATI_texture_env_combine3 GL_ATI_texture_float GL_EXT_shadow_funcs GL_EXT_stencil_wrap GL_MESA_pack_invert GL_NV_primitive_restart GL_ARB_depth_clamp GL_ARB_fragment_program_shadow GL_ARB_half_float_pixel GL_ARB_occlusion_query2 GL_ARB_point_sprite GL_ARB_shading_language_100 GL_ARB_sync GL_ARB_texture_non_power_of_two GL_ARB_vertex_buffer_object GL_ATI_blend_equation_separate GL_EXT_blend_equation_separate GL_OES_read_format GL_ARB_color_buffer_float GL_ARB_pixel_buffer_object GL_ARB_texture_compression_rgtc GL_ARB_texture_float GL_ARB_texture_rectangle GL_EXT_packed_float GL_EXT_pixel_buffer_object GL_EXT_texture_compression_dxt1 GL_EXT_texture_compression_rgtc GL_EXT_texture_rectangle GL_EXT_texture_sRGB GL_EXT_texture_shared_exponent GL_ARB_framebuffer_object GL_EXT_framebuffer_blit GL_EXT_framebuffer_multisample GL_EXT_packed_depth_stencil GL_APPLE_object_purgeable GL_ARB_vertex_array_object GL_ATI_separate_stencil GL_EXT_draw_buffers2 GL_EXT_draw_instanced GL_EXT_gpu_program_parameters GL_EXT_texture_array GL_EXT_texture_integer GL_EXT_texture_sRGB_decode GL_EXT_timer_query GL_OES_EGL_image GL_AMD_texture_texture4 GL_ARB_copy_buffer GL_ARB_depth_buffer_float GL_ARB_draw_instanced GL_ARB_half_float_vertex GL_ARB_instanced_arrays GL_ARB_map_buffer_range GL_ARB_texture_rg GL_ARB_texture_swizzle GL_ARB_vertex_array_bgra GL_EXT_texture_swizzle GL_EXT_vertex_array_bgra GL_NV_conditional_render GL_AMD_conservative_depth GL_AMD_depth_clamp_separate GL_AMD_draw_buffers_blend GL_AMD_seamless_cubemap_per_texture GL_AMD_shader_stencil_export GL_ARB_ES2_compatibility GL_ARB_blend_func_extended GL_ARB_debug_output GL_ARB_draw_buffers_blend GL_ARB_draw_elements_base_vertex GL_ARB_explicit_attrib_location GL_ARB_fragment_coord_conventions GL_ARB_provoking_vertex GL_ARB_sample_shading GL_ARB_sampler_objects GL_ARB_seamless_cube_map GL_ARB_shader_stencil_export GL_ARB_shader_texture_lod GL_ARB_texture_cube_map_array GL_ARB_texture_gather GL_ARB_texture_multisample GL_ARB_texture_query_lod GL_ARB_texture_rgb10_a2ui GL_ARB_uniform_buffer_object GL_ARB_vertex_type_2_10_10_10_rev GL_EXT_provoking_vertex GL_EXT_texture_snorm GL_MESA_texture_signed_rgba GL_NV_texture_barrier GL_ARB_draw_indirect GL_ARB_get_program_binary GL_ARB_robustness GL_ARB_separate_shader_objects GL_ARB_shader_bit_encoding GL_ARB_shader_precision GL_ARB_texture_compression_bptc GL_ARB_timer_query GL_ARB_transform_feedback2 GL_ARB_transform_feedback3 GL_AMD_multi_draw_indirect GL_ANGLE_texture_compression_dxt3 GL_ANGLE_texture_compression_dxt5 GL_ARB_compressed_texture_pixel_storage GL_ARB_conservative_depth GL_ARB_internalformat_query GL_ARB_map_buffer_alignment GL_ARB_shader_atomic_counters GL_ARB_shader_image_load_store GL_ARB_shading_language_420pack GL_ARB_shading_language_packing GL_ARB_texture_storage GL_ARB_transform_feedback_instanced GL_EXT_framebuffer_multisample_blit_scaled GL_EXT_transform_feedback GL_AMD_query_buffer_object GL_AMD_shader_trinary_minmax GL_ARB_ES3_compatibility GL_ARB_arrays_of_arrays GL_ARB_clear_buffer_object GL_ARB_compute_shader GL_ARB_copy_image GL_ARB_explicit_uniform_location GL_ARB_fragment_layer_viewport GL_ARB_framebuffer_no_attachments GL_ARB_invalidate_subdata GL_ARB_multi_draw_indirect GL_ARB_program_interface_query GL_ARB_robust_buffer_access_behavior GL_ARB_shader_image_size GL_ARB_shader_storage_buffer_object GL_ARB_stencil_texturing GL_ARB_texture_query_levels GL_ARB_texture_storage_multisample GL_ARB_texture_view GL_ARB_vertex_attrib_binding GL_KHR_debug GL_KHR_robustness GL_KHR_texture_compression_astc_ldr GL_ARB_buffer_storage GL_ARB_clear_texture GL_ARB_indirect_parameters GL_ARB_internalformat_query2 GL_ARB_multi_bind GL_ARB_query_buffer_object GL_ARB_seamless_cubemap_per_texture GL_ARB_shader_draw_parameters GL_ARB_shader_group_vote GL_ARB_texture_mirror_clamp_to_edge GL_ARB_texture_stencil8 GL_ARB_vertex_type_10f_11f_11f_rev GL_EXT_shader_framebuffer_fetch GL_EXT_shader_integer_mix GL_INTEL_performance_query GL_ARB_ES3_1_compatibility GL_ARB_clip_control GL_ARB_conditional_render_inverted GL_ARB_cull_distance GL_ARB_derivative_control GL_ARB_get_texture_sub_image GL_ARB_pipeline_statistics_query GL_ARB_shader_texture_image_samples GL_ARB_texture_barrier GL_ARB_transform_feedback_overflow_query GL_EXT_polygon_offset_clamp GL_KHR_blend_equation_advanced GL_KHR_blend_equation_advanced_coherent GL_KHR_context_flush_control GL_KHR_robust_buffer_access_behavior GL_ARB_fragment_shader_interlock GL_ARB_parallel_shader_compile GL_ARB_post_depth_coverage GL_ARB_shader_atomic_counter_ops GL_ARB_shader_ballot GL_ARB_shader_clock GL_EXT_shader_samples_identical GL_KHR_no_error GL_KHR_texture_compression_astc_sliced_3d GL_NV_fragment_shader_interlock GL_MESA_shader_integer_functions GL_ARB_polygon_offset_clamp GL_ARB_texture_filter_anisotropic GL_KHR_parallel_shader_compile GL_EXT_shader_framebuffer_fetch_non_coherent GL_EXT_texture_sRGB_R8 GL_EXT_texture_shadow_lod GL_INTEL_shader_atomic_float_minmax GL_NV_compute_shader_derivatives 
22:01:54: Supported GLX extensions: GLX_ARB_create_context GLX_ARB_create_context_profile GLX_ARB_create_context_robustness GLX_ARB_fbconfig_float GLX_ARB_framebuffer_sRGB GLX_ARB_get_proc_address GLX_ARB_multisample GLX_EXT_buffer_age GLX_EXT_create_context_es2_profile GLX_EXT_create_context_es_profile GLX_EXT_fbconfig_packed_float GLX_EXT_framebuffer_sRGB GLX_EXT_import_context GLX_EXT_texture_from_pixmap GLX_EXT_visual_info GLX_EXT_visual_rating GLX_INTEL_swap_event GLX_MESA_copy_sub_buffer GLX_MESA_query_renderer GLX_MESA_swap_control GLX_OML_swap_method GLX_OML_sync_control GLX_SGIS_multisample GLX_SGIX_fbconfig GLX_SGIX_pbuffer GLX_SGIX_visual_select_group GLX_SGI_make_current_read GLX_SGI_swap_control GLX_SGI_video_sync 
22:01:54: ***************************
22:01:54: *** GL Renderer Started ***
22:01:54: ***************************
22:01:54: Registering ResourceManager for type GpuProgram
22:01:54: GLSL support detected
22:01:54: GL: Using GL_EXT_framebuffer_object for rendering to textures (best)
22:01:54: FBO PF_UNKNOWN depth/stencil support: D0S1 D0S4 D0S8 D0S16 D16S0 D16S1 D16S4 D16S8 D16S16 D24S0 D24S1 D24S4 D24S8 D24S16 D32S0 D32S1 D32S4 D32S8 D32S16 Packed-D24S8 
22:01:54: FBO PF_L8 depth/stencil support: D0S0 D0S1 D0S4 D0S8 D0S16 D16S0 D16S1 D16S4 D16S8 D16S16 D24S0 D24S1 D24S4 D24S8 D24S16 D32S0 D32S1 D32S4 D32S8 D32S16 Packed-D24S8 
22:01:54: FBO PF_L16 depth/stencil support: D0S0 D0S1 D0S4 D0S8 D0S16 D16S0 D16S1 D16S4 D16S8 D16S16 D24S0 D24S1 D24S4 D24S8 D24S16 D32S0 D32S1 D32S4 D32S8 D32S16 Packed-D24S8 
22:01:54: FBO PF_A8 depth/stencil support: D0S0 D0S1 D0S4 D0S8 D0S16 D16S0 D16S1 D16S4 D16S8 D16S16 D24S0 D24S1 D24S4 D24S8 D24S16 D32S0 D32S1 D32S4 D32S8 D32S16 Packed-D24S8 
22:01:54: FBO PF_R5G6B5 depth/stencil support: D0S0 D0S1 D0S4 D0S8 D0S16 D16S0 D16S1 D16S4 D16S8 D16S16 D24S0 D24S1 D24S4 D24S8 D24S16 D32S0 D32S1 D32S4 D32S8 D32S16 Packed-D24S8 
22:01:54: FBO PF_B5G6R5 depth/stencil support: D0S0 D0S1 D0S4 D0S8 D0S16 D16S0 D16S1 D16S4 D16S8 D16S16 D24S0 D24S1 D24S4 D24S8 D24S16 D32S0 D32S1 D32S4 D32S8 D32S16 Packed-D24S8 
22:01:54: FBO PF_A4R4G4B4 depth/stencil support: D0S0 D0S1 D0S4 D0S8 D0S16 D16S0 D16S1 D16S4 D16S8 D16S16 D24S0 D24S1 D24S4 D24S8 D24S16 D32S0 D32S1 D32S4 D32S8 D32S16 Packed-D24S8 
22:01:54: FBO PF_A1R5G5B5 depth/stencil support: D0S0 D0S1 D0S4 D0S8 D0S16 D16S0 D16S1 D16S4 D16S8 D16S16 D24S0 D24S1 D24S4 D24S8 D24S16 D32S0 D32S1 D32S4 D32S8 D32S16 Packed-D24S8 
22:01:54: FBO PF_R8G8B8 depth/stencil support: D0S0 D0S1 D0S4 D0S8 D0S16 D16S0 D16S1 D16S4 D16S8 D16S16 D24S0 D24S1 D24S4 D24S8 D24S16 D32S0 D32S1 D32S4 D32S8 D32S16 Packed-D24S8 
22:01:54: FBO PF_B8G8R8 depth/stencil support: D0S0 D0S1 D0S4 D0S8 D0S16 D16S0 D16S1 D16S4 D16S8 D16S16 D24S0 D24S1 D24S4 D24S8 D24S16 D32S0 D32S1 D32S4 D32S8 D32S16 Packed-D24S8 
22:01:54: FBO PF_A8R8G8B8 depth/stencil support: D0S0 D0S1 D0S4 D0S8 D0S16 D16S0 D16S1 D16S4 D16S8 D16S16 D24S0 D24S1 D24S4 D24S8 D24S16 D32S0 D32S1 D32S4 D32S8 D32S16 Packed-D24S8 
22:01:54: FBO PF_B8G8R8A8 depth/stencil support: D0S0 D0S1 D0S4 D0S8 D0S16 D16S0 D16S1 D16S4 D16S8 D16S16 D24S0 D24S1 D24S4 D24S8 D24S16 D32S0 D32S1 D32S4 D32S8 D32S16 Packed-D24S8 
22:01:54: FBO PF_A2R10G10B10 depth/stencil support: D0S0 D0S1 D0S4 D0S8 D0S16 D16S0 D16S1 D16S4 D16S8 D16S16 D24S0 D24S1 D24S4 D24S8 D24S16 D32S0 D32S1 D32S4 D32S8 D32S16 Packed-D24S8 
22:01:54: FBO PF_A2B10G10R10 depth/stencil support: D0S0 D0S1 D0S4 D0S8 D0S16 D16S0 D16S1 D16S4 D16S8 D16S16 D24S0 D24S1 D24S4 D24S8 D24S16 D32S0 D32S1 D32S4 D32S8 D32S16 Packed-D24S8 
22:01:54: FBO PF_FLOAT16_RGB depth/stencil support: D0S0 D0S1 D0S4 D0S8 D0S16 D16S0 D16S1 D16S4 D16S8 D16S16 D24S0 D24S1 D24S4 D24S8 D24S16 D32S0 D32S1 D32S4 D32S8 D32S16 Packed-D24S8 
22:01:54: FBO PF_FLOAT16_RGBA depth/stencil support: D0S0 D0S1 D0S4 D0S8 D0S16 D16S0 D16S1 D16S4 D16S8 D16S16 D24S0 D24S1 D24S4 D24S8 D24S16 D32S0 D32S1 D32S4 D32S8 D32S16 Packed-D24S8 
22:01:54: FBO PF_FLOAT32_RGBA depth/stencil support: D0S0 D0S1 D0S4 D0S8 D0S16 D16S0 D16S1 D16S4 D16S8 D16S16 D24S0 D24S1 D24S4 D24S8 D24S16 D32S0 D32S1 D32S4 D32S8 D32S16 Packed-D24S8 
22:01:54: FBO PF_X8R8G8B8 depth/stencil support: D0S0 D0S1 D0S4 D0S8 D0S16 D16S0 D16S1 D16S4 D16S8 D16S16 D24S0 D24S1 D24S4 D24S8 D24S16 D32S0 D32S1 D32S4 D32S8 D32S16 Packed-D24S8 
22:01:54: FBO PF_X8B8G8R8 depth/stencil support: D0S0 D0S1 D0S4 D0S8 D0S16 D16S0 D16S1 D16S4 D16S8 D16S16 D24S0 D24S1 D24S4 D24S8 D24S16 D32S0 D32S1 D32S4 D32S8 D32S16 Packed-D24S8 
22:01:54: FBO PF_SHORT_RGBA depth/stencil support: D0S0 D0S1 D0S4 D0S8 D0S16 D16S0 D16S1 D16S4 D16S8 D16S16 D24S0 D24S1 D24S4 D24S8 D24S16 D32S0 D32S1 D32S4 D32S8 D32S16 Packed-D24S8 
22:01:54: FBO PF_R3G3B2 depth/stencil support: D0S0 D0S1 D0S4 D0S8 D0S16 D16S0 D16S1 D16S4 D16S8 D16S16 D24S0 D24S1 D24S4 D24S8 D24S16 D32S0 D32S1 D32S4 D32S8 D32S16 Packed-D24S8 
22:01:54: FBO PF_FLOAT16_R depth/stencil support: D0S0 D0S1 D0S4 D0S8 D0S16 D16S0 D16S1 D16S4 D16S8 D16S16 D24S0 D24S1 D24S4 D24S8 D24S16 D32S0 D32S1 D32S4 D32S8 D32S16 Packed-D24S8 
22:01:54: FBO PF_FLOAT32_R depth/stencil support: D0S0 D0S1 D0S4 D0S8 D0S16 D16S0 D16S1 D16S4 D16S8 D16S16 D24S0 D24S1 D24S4 D24S8 D24S16 D32S0 D32S1 D32S4 D32S8 D32S16 Packed-D24S8 
22:01:54: FBO PF_SHORT_RGB depth/stencil support: D0S0 D0S1 D0S4 D0S8 D0S16 D16S0 D16S1 D16S4 D16S8 D16S16 D24S0 D24S1 D24S4 D24S8 D24S16 D32S0 D32S1 D32S4 D32S8 D32S16 Packed-D24S8 
22:01:54: [GL] : Valid FBO targets PF_UNKNOWN PF_L8 PF_L16 PF_A8 PF_R5G6B5 PF_B5G6R5 PF_A4R4G4B4 PF_A1R5G5B5 PF_R8G8B8 PF_B8G8R8 PF_A8R8G8B8 PF_B8G8R8A8 PF_A2R10G10B10 PF_A2B10G10R10 PF_FLOAT16_RGB PF_FLOAT16_RGBA PF_FLOAT32_RGBA PF_X8R8G8B8 PF_X8B8G8R8 PF_SHORT_RGBA PF_R3G3B2 PF_FLOAT16_R PF_FLOAT32_R PF_SHORT_RGB 
22:01:54: RenderSystem capabilities
22:01:54: -------------------------
22:01:54: RenderSystem Name: OpenGL Rendering Subsystem
22:01:54: GPU Vendor: intel
22:01:54: Device Name: Mesa DRI Intel(R) UHD Graphics 620 (Kabylake GT2) 
22:01:54: Driver Version: 3.0.0.0
22:01:54:  * Fixed function pipeline: yes
22:01:54:  * Hardware generation of mipmaps: no
22:01:54:  * Texture blending: yes
22:01:54:  * Anisotropic texture filtering: yes
22:01:54:  * Dot product texture operation: yes
22:01:54:  * Cube mapping: yes
22:01:54:  * Hardware stencil buffer: yes
22:01:54:    - Stencil depth: 8
22:01:54:    - Two sided stencil support: yes
22:01:54:    - Wrap stencil values: yes
22:01:54:  * Hardware vertex / index buffers: yes
22:01:54:  * 32-bit index buffers: yes
22:01:54:  * Vertex programs: yes
22:01:54:  * Number of floating-point constants for vertex programs: 4096
22:01:54:  * Number of integer constants for vertex programs: 0
22:01:54:  * Number of boolean constants for vertex programs: 0
22:01:54:  * Fragment programs: yes
22:01:54:  * Number of floating-point constants for fragment programs: 4096
22:01:54:  * Number of integer constants for fragment programs: 0
22:01:54:  * Number of boolean constants for fragment programs: 0
22:01:54:  * Geometry programs: no
22:01:54:  * Number of floating-point constants for geometry programs: 0
22:01:54:  * Number of integer constants for geometry programs: 37624
22:01:54:  * Number of boolean constants for geometry programs: 11095
22:01:54:  * Tesselation Hull programs: no
22:01:54:  * Number of floating-point constants for tesselation hull programs: 12345
22:01:54:  * Number of integer constants for tesselation hull programs: 48
22:01:54:  * Number of boolean constants for tesselation hull programs: 0
22:01:54:  * Tesselation Domain programs: no
22:01:54:  * Number of floating-point constants for tesselation domain programs: 0
22:01:54:  * Number of integer constants for tesselation domain programs: 37720
22:01:54:  * Number of boolean constants for tesselation domain programs: 11095
22:01:54:  * Compute programs: no
22:01:54:  * Number of floating-point constants for compute programs: 32561
22:01:54:  * Number of integer constants for compute programs: 0
22:01:54:  * Number of boolean constants for compute programs: 11
22:01:54:  * Supported Shader Profiles: arbfp1 arbvp1 glsl glsl100 glsl110 glsl120
22:01:54:  * Texture Compression: yes
22:01:54:    - DXT: yes
22:01:54:    - VTC: no
22:01:54:    - PVRTC: no
22:01:54:    - ATC: no
22:01:54:    - ETC1: no
22:01:54:    - ETC2: no
22:01:54:    - BC4/BC5: no
22:01:54:    - BC6H/BC7: no
22:01:54:  * Scissor Rectangle: yes
22:01:54:  * Hardware Occlusion Query: yes
22:01:54:  * User clip planes: yes
22:01:54:  * VET_UBYTE4 vertex element type: yes
22:01:54:  * Infinite far plane projection: yes
22:01:54:  * Hardware render-to-texture: yes
22:01:54:  * Floating point textures: yes
22:01:54:  * Non-power-of-two textures: yes
22:01:54:  * 1d textures: yes
22:01:54:  * Volume textures: yes
22:01:54:  * Multiple Render Targets: 8
22:01:54:    - With different bit depths: yes
22:01:54:  * Point Sprites: yes
22:01:54:  * Extended point parameters: yes
22:01:54:  * Max Point Size: 255
22:01:54:  * Vertex texture fetch: yes
22:01:54:  * Number of world matrices: 0
22:01:54:  * Number of texture units: 16
22:01:54:  * Stencil buffer depth: 8
22:01:54:  * Number of vertex blend matrices: 0
22:01:54:    - Max vertex textures: 32
22:01:54:    - Vertex textures shared: yes
22:01:54:  * Render to Vertex Buffer : no
22:01:54:  * Hardware Atomic Counters: no
22:01:54:  * GL 1.5 without VBO workaround: no
22:01:54:  * Frame Buffer objects: yes
22:01:54:  * Frame Buffer objects (ARB extension): no
22:01:54:  * Frame Buffer objects (ATI extension): no
22:01:54:  * PBuffer support: yes
22:01:54:  * GL 1.5 without HW-occlusion workaround: no
22:01:54:  * Vertex Array Objects: no
22:01:54:  * Separate shader objects: no
22:01:54: DefaultWorkQueue('Root') initialising on thread 7f312b66ec40.
22:01:54: DefaultWorkQueue('Root')::WorkerFunc - thread 7f311650c700 starting.
22:01:54: DefaultWorkQueue('Root')::WorkerFunc - thread 7f3115d0b700 starting.
22:01:54: DefaultWorkQueue('Root')::WorkerFunc - thread 7f311550a700 starting.
22:01:54: DefaultWorkQueue('Root')::WorkerFunc - thread 7f3114d09700 starting.
22:01:54: DefaultWorkQueue('Root')::WorkerFunc - thread 7f3107fff700 starting.
22:01:54: DefaultWorkQueue('Root')::WorkerFunc - thread 7f31077fe700 starting.
22:01:54: DefaultWorkQueue('Root')::WorkerFunc - thread 7f3106ffd700 starting.
22:01:54: Particle Renderer Type 'billboard' registered
22:01:54: DefaultWorkQueue('Root')::WorkerFunc - thread 7f31067fc700 starting.
22:01:54: SceneManagerFactory for type 'BspSceneManager' registered.
22:01:54: Registering ResourceManager for type BspLevel
22:01:54: SceneManagerFactory for type 'PCZSceneManager' registered.
22:01:54: MovableObjectFactory for type 'PCZLight' registered.
22:01:54: MovableObjectFactory for type 'Portal' registered.
22:01:54: MovableObjectFactory for type 'AntiPortal' registered.
22:01:54: PCZone Factory Type 'ZoneType_Octree' registered
22:01:54: SceneManagerFactory for type 'OctreeSceneManager' registered.
22:01:54: OverlayElementFactory for type Panel registered.
22:01:54: OverlayElementFactory for type BorderPanel registered.
22:01:54: OverlayElementFactory for type TextArea registered.
22:01:54: Registering ResourceManager for type Font
22:01:54: Parsing scripts for resource group Autodetect
22:01:54: Finished parsing scripts for resource group Autodetect
22:01:54: Creating resources for group Autodetect
22:01:54: All done
22:01:54: Parsing scripts for resource group Essential
22:01:54: Parsing script SdkTrays.material
22:01:54: Parsing script OgreProfiler.material
22:01:54: Parsing script SdkTrays.fontdef
22:01:54: Parsing script SdkTrays.overlay
22:01:54: Texture: sdk_cursor.png: Loading 1 faces(PF_A8R8G8B8,32x32x1) with 5 generated mipmaps from Image. Internal format is PF_A8R8G8B8,32x32x1.
22:01:54: Texture: sdk_tray.png: Loading 1 faces(PF_A8R8G8B8,64x64x1) with 5 generated mipmaps from Image. Internal format is PF_A8R8G8B8,64x64x1.
22:01:54: Texture: sdk_button_up.png: Loading 1 faces(PF_A8R8G8B8,128x32x1) with 5 generated mipmaps from Image. Internal format is PF_A8R8G8B8,128x32x1.
22:01:54: Texture: sdk_text_box.png: Loading 1 faces(PF_A8R8G8B8,32x32x1) with 5 generated mipmaps from Image. Internal format is PF_A8R8G8B8,32x32x1.
22:01:54: Texture: sdk_mini_tray.png: Loading 1 faces(PF_A8R8G8B8,32x32x1) with 5 generated mipmaps from Image. Internal format is PF_A8R8G8B8,32x32x1.
22:01:54: Texture: sdk_track.png: Loading 1 faces(PF_A8R8G8B8,16x32x1) with 5 generated mipmaps from Image. Internal format is PF_A8R8G8B8,16x32x1.
22:01:54: Texture: sdk_handle.png: Loading 1 faces(PF_A8R8G8B8,16x16x1) with 4 generated mipmaps from Image. Internal format is PF_A8R8G8B8,16x16x1.
22:01:54: Texture: sdk_mini_text_box.png: Loading 1 faces(PF_A8R8G8B8,32x32x1) with 5 generated mipmaps from Image. Internal format is PF_A8R8G8B8,32x32x1.
22:01:54: Texture: sdk_label.png: Loading 1 faces(PF_A8R8G8B8,32x32x1) with 5 generated mipmaps from Image. Internal format is PF_A8R8G8B8,32x32x1.
22:01:54: Texture: sdk_separator.png: Loading 1 faces(PF_A8R8G8B8,64x16x1) with 5 generated mipmaps from Image. Internal format is PF_A8R8G8B8,64x16x1.
22:01:54: Texture: sdk_logo.png: Loading 1 faces(PF_A8R8G8B8,128x64x1) with 5 generated mipmaps from Image. Internal format is PF_A8R8G8B8,128x64x1.
22:01:54: Texture: sdk_shade.png: Loading 1 faces(PF_A8R8G8B8,64x48x1) with 5 generated mipmaps from Image. Internal format is PF_A8R8G8B8,64x48x1.
22:01:54: Texture: sdk_frame.png: Loading 1 faces(PF_A8R8G8B8,32x32x1) with 5 generated mipmaps from Image. Internal format is PF_A8R8G8B8,32x32x1.
22:01:54: Texture: sdk_mini_text_box_over.png: Loading 1 faces(PF_A8R8G8B8,32x32x1) with 5 generated mipmaps from Image. Internal format is PF_A8R8G8B8,32x32x1.
22:01:54: Texture: sdk_pulse.png: Loading 1 faces(PF_R8G8B8,8x1x1) with 3 generated mipmaps from Image. Internal format is PF_X8R8G8B8,8x1x1.
22:01:54: Finished parsing scripts for resource group Essential
22:01:54: Creating resources for group Essential
22:01:54: All done
22:01:54: Parsing scripts for resource group General
22:01:54: Finished parsing scripts for resource group General
22:01:54: Creating resources for group General
22:01:54: All done
22:01:54: Parsing scripts for resource group Internal
22:01:54: Finished parsing scripts for resource group Internal
22:01:54: Creating resources for group Internal
22:01:54: All done
22:01:54: Parsing scripts for resource group Popular
22:01:54: Parsing script DualQuaternion.program
22:01:54: OGRE EXCEPTION(7:InternalErrorException): Unable to compile Cg program Ogre/DualQuaternionHardwareSkinningTwoWeightsTwoPhaseCg: The compile returned an error.
DualQuaternion_Common.cg(167) : warning C7019: "blendWgt" is too large for semantic "BLENDWEIGHT", which is size 1
(0) : error C6007: Constant register limit exceeded; more than 96 constant registers needed to compiled program
(0) : error C6007: Constant register limit exceeded; more than 96 constant registers needed to compiled program
(0) : error C6007: Constant register limit exceeded; more than 96 constant registers needed to compiled program
(0) : error C6007: Constant register limit exceeded; more than 96 constant registers needed to compiled program
(0) : error C6007: Constant register limit exceeded; more than 96 constant registers needed to compiled program
(0) : error C6007: Constant register limit exceeded; more than 96 constant registers needed to compiled program
(0) : error C6007: Constant register limit exceeded; more than 96 constant registers needed to compiled program
(0) : error C6007: Constant register limit exceeded; more than 96 constant registers needed to compiled program
 in CgProgram::compileMicrocode at /home/christian/Downloads/ogre/PlugIns/CgProgramManager/src/OgreCgProgramManagerDll.cpp (line 67)
22:01:54: High-level program Ogre/DualQuaternionHardwareSkinningTwoWeightsTwoPhaseCg encountered an error during loading and is thus not supported.
OGRE EXCEPTION(7:InternalErrorException): Unable to compile Cg program Ogre/DualQuaternionHardwareSkinningTwoWeightsTwoPhaseCg: The compile returned an error.
DualQuaternion_Common.cg(167) : warning C7019: "blendWgt" is too large for semantic "BLENDWEIGHT", which is size 1
(0) : error C6007: Constant register limit exceeded; more than 96 constant registers needed to compiled program
(0) : error C6007: Constant register limit exceeded; more than 96 constant registers needed to compiled program
(0) : error C6007: Constant register limit exceeded; more than 96 constant registers needed to compiled program
(0) : error C6007: Constant register limit exceeded; more than 96 constant registers needed to compiled program
(0) : error C6007: Constant register limit exceeded; more than 96 constant registers needed to compiled program
(0) : error C6007: Constant register limit exceeded; more than 96 constant registers needed to compiled program
(0) : error C6007: Constant register limit exceeded; more than 96 constant registers needed to compiled program
(0) : error C6007: Constant register limit exceeded; more than 96 constant registers needed to compiled program
 in CgProgram::compileMicrocode at /home/christian/Downloads/ogre/PlugIns/CgProgramManager/src/OgreCgProgramManagerDll.cpp (line 67)
22:01:54: OGRE EXCEPTION(2:InvalidParametersException): Named constants have not been initialised, perhaps a compile error. in GpuProgramParameters::_findNamedConstantDefinition at /home/christian/Downloads/ogre/OgreMain/src/OgreGpuProgramParams.cpp (line 1709)
22:01:54: Compiler error: invalid parameters in DualQuaternion.program(28): setting of constant failed
22:01:54: Parsing script Examples.program
22:01:54: Parsing script StdQuad_vp.program
22:01:54: Parsing script Instancing.program
22:01:54: Parsing script deferred_post.program
22:01:54: Parsing script ShadowCaster.program
22:01:54: Parsing script GBuffer.program
22:01:54: Parsing script triplanarReference.program
22:01:54: Parsing script DualQuaternion.material
22:01:54: Parsing script shadows.material
22:01:54: Parsing script DOF.material
22:01:54: Parsing script HW_VTF_LUTInstancing.material
22:01:54: Parsing script Examples-Water.material
22:01:54: Parsing script Example-Water.material
22:01:54: Parsing script RasterizationOrder.material
22:01:54: Parsing script facial.material
22:01:54: Parsing script Examples-DynTex.material
22:01:54: Parsing script Posterize.material
22:01:54: Parsing script instancing.material
22:01:54: Parsing script DepthShadowmap.material
22:01:54: Parsing script sibenik.material
22:01:54: Parsing script Invert.material
22:01:54: Parsing script NightVision.material
22:01:54: Parsing script HWInstancing.material
22:01:54: Parsing script Ocean.material
22:01:54: Parsing script Laplace.material
22:01:54: Parsing script RadialBlur.material
22:01:54: Parsing script ShaderInstancing.material
22:01:54: Parsing script CGSwizzle.material
22:01:54: Parsing script BlackAndWhite.material
22:01:54: Parsing script Dither.material
22:01:54: Parsing script HW_VTFInstancing.material
22:01:54: Parsing script Embossed.material
22:01:54: Parsing script Halftone.material
22:01:54: Parsing script IsoSurf.material
22:01:54: Parsing script MRTtest.material
22:01:54: Parsing script SharpenEdges.material
22:01:54: Parsing script Bloom.material
22:01:54: Parsing script smoke.material
22:01:54: Parsing script ShaderSystem.material
22:01:54: Parsing script OldTV.material
22:01:54: Parsing script AdaptivePNTrianglesTessellation.material
22:01:54: Parsing script pssm.material
22:01:54: Parsing script Glass.material
22:01:54: Parsing script Hurt.material
22:01:54: Parsing script InstancingMisc.material
22:01:54: Parsing script RZR-002.material
22:01:54: Parsing script ASCII.material
22:01:54: Parsing script Examples.material
22:01:55: Parsing script GLSLSwizzle.material
22:01:55: Parsing script Penguin.material
22:01:55: Parsing script VarianceShadowmap.material
22:01:55: Parsing script OffsetMapping.material
22:01:55: Compiler error: object unsupported by render system in OffsetMapping.material(35): , Shader name: Examples/OffsetMappingPSAsm
22:01:55: Parsing script CompositorDemo.material
22:01:55: Parsing script Examples-Advanced.material
22:01:55: Compiler error: object unsupported by render system in Examples-Advanced.material(728): , Shader name: Examples/FresnelRefractReflectPS
22:01:55: Compiler error: object unsupported by render system in Examples-Advanced.material(1027): , Shader name: Examples/TextureArrayPSasm
22:01:55: Parsing script hdr.material
22:01:55: Parsing script Tiling.material
22:01:55: Parsing script ASMSwizzle.material
22:01:55: Compiler error: object unsupported by render system in ASMSwizzle.material(1): , Shader name: Ogre/GPTest/Swizzle_GP_ASM
22:01:55: Parsing script HeatVision.material
22:01:55: Parsing script VTFInstancing.material
22:01:55: Parsing script OldMovie.material
22:01:55: Parsing script Ogre.material
22:01:55: Parsing script Bloom2.material
22:01:55: Parsing script Tesselation.material
22:01:55: Parsing script ParticleGS.material
22:01:55: Parsing script MotionBlur.material
22:01:55: Parsing script deferred_post.material
22:01:55: Parsing script ShadowCaster.material
22:01:55: Parsing script deferreddemo.material
22:01:55: Parsing script deferred_post_minilight.material
22:01:55: Parsing script ssao.material
22:01:55: Parsing script ROOM.material
22:01:55: Parsing script TriplanarTexturing.material
22:01:55: Compiler error: unknown error in TriplanarTexturing.material(9): token "rtshader_system" is not recognized
22:01:55: Parsing script DualQuaternionSkinning_Shadow.material
22:01:55: OGRE EXCEPTION(6:FileNotFoundException): Cannot locate resource DualQuaternionSkinning_Shadow.cg in resource group Popular or any other group. in ResourceGroupManager::openResource at /home/christian/Downloads/ogre/OgreMain/src/OgreResourceGroupManager.cpp (line 756)
22:01:55: High-level program Ogre/RTShader/shadow_caster_dq_ps_cg encountered an error during loading and is thus not supported.
OGRE EXCEPTION(6:FileNotFoundException): Cannot locate resource DualQuaternionSkinning_Shadow.cg in resource group Popular or any other group. in ResourceGroupManager::openResource at /home/christian/Downloads/ogre/OgreMain/src/OgreResourceGroupManager.cpp (line 756)
22:01:55: OGRE EXCEPTION(6:FileNotFoundException): Cannot locate resource DualQuaternionSkinning_Shadow.cg in resource group Popular or any other group. in ResourceGroupManager::openResource at /home/christian/Downloads/ogre/OgreMain/src/OgreResourceGroupManager.cpp (line 756)
22:01:55: High-level program Ogre/RTShader/shadow_caster_dq_skinning_1weight_vs_cg encountered an error during loading and is thus not supported.
OGRE EXCEPTION(6:FileNotFoundException): Cannot locate resource DualQuaternionSkinning_Shadow.cg in resource group Popular or any other group. in ResourceGroupManager::openResource at /home/christian/Downloads/ogre/OgreMain/src/OgreResourceGroupManager.cpp (line 756)
22:01:55: OGRE EXCEPTION(2:InvalidParametersException): Named constants have not been initialised, perhaps a compile error. in GpuProgramParameters::_findNamedConstantDefinition at /home/christian/Downloads/ogre/OgreMain/src/OgreGpuProgramParams.cpp (line 1709)
22:01:55: Compiler error: invalid parameters in DualQuaternionSkinning_Shadow.material(180): setting of constant failed
22:01:55: OGRE EXCEPTION(2:InvalidParametersException): Named constants have not been initialised, perhaps a compile error. in GpuProgramParameters::_findNamedConstantDefinition at /home/christian/Downloads/ogre/OgreMain/src/OgreGpuProgramParams.cpp (line 1709)
22:01:55: Compiler error: invalid parameters in DualQuaternionSkinning_Shadow.material(181): setting of constant failed
22:01:55: OGRE EXCEPTION(2:InvalidParametersException): Named constants have not been initialised, perhaps a compile error. in GpuProgramParameters::_findNamedConstantDefinition at /home/christian/Downloads/ogre/OgreMain/src/OgreGpuProgramParams.cpp (line 1709)
22:01:55: Compiler error: invalid parameters in DualQuaternionSkinning_Shadow.material(182): setting of constant failed
22:01:55: OGRE EXCEPTION(6:FileNotFoundException): Cannot locate resource DualQuaternionSkinning_Shadow.cg in resource group Popular or any other group. in ResourceGroupManager::openResource at /home/christian/Downloads/ogre/OgreMain/src/OgreResourceGroupManager.cpp (line 756)
22:01:55: High-level program Ogre/RTShader/shadow_caster_dq_skinning_2weight_vs_cg encountered an error during loading and is thus not supported.
OGRE EXCEPTION(6:FileNotFoundException): Cannot locate resource DualQuaternionSkinning_Shadow.cg in resource group Popular or any other group. in ResourceGroupManager::openResource at /home/christian/Downloads/ogre/OgreMain/src/OgreResourceGroupManager.cpp (line 756)
22:01:55: OGRE EXCEPTION(2:InvalidParametersException): Named constants have not been initialised, perhaps a compile error. in GpuProgramParameters::_findNamedConstantDefinition at /home/christian/Downloads/ogre/OgreMain/src/OgreGpuProgramParams.cpp (line 1709)
22:01:55: Compiler error: invalid parameters in DualQuaternionSkinning_Shadow.material(196): setting of constant failed
22:01:55: OGRE EXCEPTION(2:InvalidParametersException): Named constants have not been initialised, perhaps a compile error. in GpuProgramParameters::_findNamedConstantDefinition at /home/christian/Downloads/ogre/OgreMain/src/OgreGpuProgramParams.cpp (line 1709)
22:01:55: Compiler error: invalid parameters in DualQuaternionSkinning_Shadow.material(197): setting of constant failed
22:01:55: OGRE EXCEPTION(2:InvalidParametersException): Named constants have not been initialised, perhaps a compile error. in GpuProgramParameters::_findNamedConstantDefinition at /home/christian/Downloads/ogre/OgreMain/src/OgreGpuProgramParams.cpp (line 1709)
22:01:55: Compiler error: invalid parameters in DualQuaternionSkinning_Shadow.material(198): setting of constant failed
22:01:55: OGRE EXCEPTION(6:FileNotFoundException): Cannot locate resource DualQuaternionSkinning_Shadow.cg in resource group Popular or any other group. in ResourceGroupManager::openResource at /home/christian/Downloads/ogre/OgreMain/src/OgreResourceGroupManager.cpp (line 756)
22:01:55: High-level program Ogre/RTShader/shadow_caster_dq_skinning_3weight_vs_cg encountered an error during loading and is thus not supported.
OGRE EXCEPTION(6:FileNotFoundException): Cannot locate resource DualQuaternionSkinning_Shadow.cg in resource group Popular or any other group. in ResourceGroupManager::openResource at /home/christian/Downloads/ogre/OgreMain/src/OgreResourceGroupManager.cpp (line 756)
22:01:55: OGRE EXCEPTION(2:InvalidParametersException): Named constants have not been initialised, perhaps a compile error. in GpuProgramParameters::_findNamedConstantDefinition at /home/christian/Downloads/ogre/OgreMain/src/OgreGpuProgramParams.cpp (line 1709)
22:01:55: Compiler error: invalid parameters in DualQuaternionSkinning_Shadow.material(211): setting of constant failed
22:01:55: OGRE EXCEPTION(2:InvalidParametersException): Named constants have not been initialised, perhaps a compile error. in GpuProgramParameters::_findNamedConstantDefinition at /home/christian/Downloads/ogre/OgreMain/src/OgreGpuProgramParams.cpp (line 1709)
22:01:55: Compiler error: invalid parameters in DualQuaternionSkinning_Shadow.material(212): setting of constant failed
22:01:55: OGRE EXCEPTION(2:InvalidParametersException): Named constants have not been initialised, perhaps a compile error. in GpuProgramParameters::_findNamedConstantDefinition at /home/christian/Downloads/ogre/OgreMain/src/OgreGpuProgramParams.cpp (line 1709)
22:01:55: Compiler error: invalid parameters in DualQuaternionSkinning_Shadow.material(213): setting of constant failed
22:01:55: OGRE EXCEPTION(6:FileNotFoundException): Cannot locate resource DualQuaternionSkinning_Shadow.cg in resource group Popular or any other group. in ResourceGroupManager::openResource at /home/christian/Downloads/ogre/OgreMain/src/OgreResourceGroupManager.cpp (line 756)
22:01:55: High-level program Ogre/RTShader/shadow_caster_dq_skinning_4weight_vs_cg encountered an error during loading and is thus not supported.
OGRE EXCEPTION(6:FileNotFoundException): Cannot locate resource DualQuaternionSkinning_Shadow.cg in resource group Popular or any other group. in ResourceGroupManager::openResource at /home/christian/Downloads/ogre/OgreMain/src/OgreResourceGroupManager.cpp (line 756)
22:01:55: OGRE EXCEPTION(2:InvalidParametersException): Named constants have not been initialised, perhaps a compile error. in GpuProgramParameters::_findNamedConstantDefinition at /home/christian/Downloads/ogre/OgreMain/src/OgreGpuProgramParams.cpp (line 1709)
22:01:55: Compiler error: invalid parameters in DualQuaternionSkinning_Shadow.material(227): setting of constant failed
22:01:55: OGRE EXCEPTION(2:InvalidParametersException): Named constants have not been initialised, perhaps a compile error. in GpuProgramParameters::_findNamedConstantDefinition at /home/christian/Downloads/ogre/OgreMain/src/OgreGpuProgramParams.cpp (line 1709)
22:01:55: Compiler error: invalid parameters in DualQuaternionSkinning_Shadow.material(228): setting of constant failed
22:01:55: OGRE EXCEPTION(2:InvalidParametersException): Named constants have not been initialised, perhaps a compile error. in GpuProgramParameters::_findNamedConstantDefinition at /home/christian/Downloads/ogre/OgreMain/src/OgreGpuProgramParams.cpp (line 1709)
22:01:55: Compiler error: invalid parameters in DualQuaternionSkinning_Shadow.material(229): setting of constant failed
22:01:55: OGRE EXCEPTION(6:FileNotFoundException): Cannot locate resource DualQuaternionSkinning_Shadow.cg in resource group Popular or any other group. in ResourceGroupManager::openResource at /home/christian/Downloads/ogre/OgreMain/src/OgreResourceGroupManager.cpp (line 756)
22:01:55: High-level program Ogre/RTShader/shadow_caster_dq_skinning_1weight_twophase_vs_cg encountered an error during loading and is thus not supported.
OGRE EXCEPTION(6:FileNotFoundException): Cannot locate resource DualQuaternionSkinning_Shadow.cg in resource group Popular or any other group. in ResourceGroupManager::openResource at /home/christian/Downloads/ogre/OgreMain/src/OgreResourceGroupManager.cpp (line 756)
22:01:55: OGRE EXCEPTION(2:InvalidParametersException): Named constants have not been initialised, perhaps a compile error. in GpuProgramParameters::_findNamedConstantDefinition at /home/christian/Downloads/ogre/OgreMain/src/OgreGpuProgramParams.cpp (line 1709)
22:01:55: Compiler error: invalid parameters in DualQuaternionSkinning_Shadow.material(242): setting of constant failed
22:01:55: OGRE EXCEPTION(2:InvalidParametersException): Named constants have not been initialised, perhaps a compile error. in GpuProgramParameters::_findNamedConstantDefinition at /home/christian/Downloads/ogre/OgreMain/src/OgreGpuProgramParams.cpp (line 1709)
22:01:55: Compiler error: invalid parameters in DualQuaternionSkinning_Shadow.material(243): setting of constant failed
22:01:55: OGRE EXCEPTION(2:InvalidParametersException): Named constants have not been initialised, perhaps a compile error. in GpuProgramParameters::_findNamedConstantDefinition at /home/christian/Downloads/ogre/OgreMain/src/OgreGpuProgramParams.cpp (line 1709)
22:01:55: Compiler error: invalid parameters in DualQuaternionSkinning_Shadow.material(244): setting of constant failed
22:01:55: OGRE EXCEPTION(2:InvalidParametersException): Named constants have not been initialised, perhaps a compile error. in GpuProgramParameters::_findNamedConstantDefinition at /home/christian/Downloads/ogre/OgreMain/src/OgreGpuProgramParams.cpp (line 1709)
22:01:55: Compiler error: invalid parameters in DualQuaternionSkinning_Shadow.material(245): setting of constant failed
22:01:55: OGRE EXCEPTION(6:FileNotFoundException): Cannot locate resource DualQuaternionSkinning_Shadow.cg in resource group Popular or any other group. in ResourceGroupManager::openResource at /home/christian/Downloads/ogre/OgreMain/src/OgreResourceGroupManager.cpp (line 756)
22:01:55: High-level program Ogre/RTShader/shadow_caster_dq_skinning_2weight_twophase_vs_cg encountered an error during loading and is thus not supported.
OGRE EXCEPTION(6:FileNotFoundException): Cannot locate resource DualQuaternionSkinning_Shadow.cg in resource group Popular or any other group. in ResourceGroupManager::openResource at /home/christian/Downloads/ogre/OgreMain/src/OgreResourceGroupManager.cpp (line 756)
22:01:55: OGRE EXCEPTION(2:InvalidParametersException): Named constants have not been initialised, perhaps a compile error. in GpuProgramParameters::_findNamedConstantDefinition at /home/christian/Downloads/ogre/OgreMain/src/OgreGpuProgramParams.cpp (line 1709)
22:01:55: Compiler error: invalid parameters in DualQuaternionSkinning_Shadow.material(259): setting of constant failed
22:01:55: OGRE EXCEPTION(2:InvalidParametersException): Named constants have not been initialised, perhaps a compile error. in GpuProgramParameters::_findNamedConstantDefinition at /home/christian/Downloads/ogre/OgreMain/src/OgreGpuProgramParams.cpp (line 1709)
22:01:55: Compiler error: invalid parameters in DualQuaternionSkinning_Shadow.material(260): setting of constant failed
22:01:55: OGRE EXCEPTION(2:InvalidParametersException): Named constants have not been initialised, perhaps a compile error. in GpuProgramParameters::_findNamedConstantDefinition at /home/christian/Downloads/ogre/OgreMain/src/OgreGpuProgramParams.cpp (line 1709)
22:01:55: Compiler error: invalid parameters in DualQuaternionSkinning_Shadow.material(261): setting of constant failed
22:01:55: OGRE EXCEPTION(2:InvalidParametersException): Named constants have not been initialised, perhaps a compile error. in GpuProgramParameters::_findNamedConstantDefinition at /home/christian/Downloads/ogre/OgreMain/src/OgreGpuProgramParams.cpp (line 1709)
22:01:55: Compiler error: invalid parameters in DualQuaternionSkinning_Shadow.material(262): setting of constant failed
22:01:55: Parsing script RTShaderSystem.material
22:01:55: Compiler error: unknown error in RTShaderSystem.material(23): token "rtshader_system" is not recognized
22:01:55: Compiler error: unknown error in RTShaderSystem.material(52): token "rtshader_system" is not recognized
22:01:55: Compiler error: unknown error in RTShaderSystem.material(81): token "rtshader_system" is not recognized
22:01:55: Compiler error: unknown error in RTShaderSystem.material(110): token "rtshader_system" is not recognized
22:01:55: Compiler error: unknown error in RTShaderSystem.material(146): token "rtshader_system" is not recognized
22:01:55: Compiler error: unknown error in RTShaderSystem.material(81): token "rtshader_system" is not recognized
22:01:55: Compiler error: unknown error in RTShaderSystem.material(162): token "rtshader_system" is not recognized
22:01:55: Compiler error: unknown error in RTShaderSystem.material(81): token "rtshader_system" is not recognized
22:01:55: Compiler error: unknown error in RTShaderSystem.material(110): token "rtshader_system" is not recognized
22:01:55: Compiler error: unknown error in RTShaderSystem.material(211): token "rtshader_system" is not recognized
22:01:55: Parsing script HardwareSkinningShadow.material
22:01:55: OGRE EXCEPTION(6:FileNotFoundException): Cannot locate resource HardwareSkinningShadow.cg in resource group Popular or any other group. in ResourceGroupManager::openResource at /home/christian/Downloads/ogre/OgreMain/src/OgreResourceGroupManager.cpp (line 756)
22:01:55: High-level program Ogre/RTShader/shadow_caster_ps_cg encountered an error during loading and is thus not supported.
OGRE EXCEPTION(6:FileNotFoundException): Cannot locate resource HardwareSkinningShadow.cg in resource group Popular or any other group. in ResourceGroupManager::openResource at /home/christian/Downloads/ogre/OgreMain/src/OgreResourceGroupManager.cpp (line 756)
22:01:55: OGRE EXCEPTION(6:FileNotFoundException): Cannot locate resource HardwareSkinningShadow.cg in resource group Popular or any other group. in ResourceGroupManager::openResource at /home/christian/Downloads/ogre/OgreMain/src/OgreResourceGroupManager.cpp (line 756)
22:01:55: High-level program Ogre/RTShader/shadow_caster_skinning_1weight_vs_cg encountered an error during loading and is thus not supported.
OGRE EXCEPTION(6:FileNotFoundException): Cannot locate resource HardwareSkinningShadow.cg in resource group Popular or any other group. in ResourceGroupManager::openResource at /home/christian/Downloads/ogre/OgreMain/src/OgreResourceGroupManager.cpp (line 756)
22:01:55: OGRE EXCEPTION(2:InvalidParametersException): Named constants have not been initialised, perhaps a compile error. in GpuProgramParameters::_findNamedConstantDefinition at /home/christian/Downloads/ogre/OgreMain/src/OgreGpuProgramParams.cpp (line 1709)
22:01:55: Compiler error: invalid parameters in HardwareSkinningShadow.material(29): setting of constant failed
22:01:55: OGRE EXCEPTION(2:InvalidParametersException): Named constants have not been initialised, perhaps a compile error. in GpuProgramParameters::_findNamedConstantDefinition at /home/christian/Downloads/ogre/OgreMain/src/OgreGpuProgramParams.cpp (line 1709)
22:01:55: Compiler error: invalid parameters in HardwareSkinningShadow.material(30): setting of constant failed
22:01:55: OGRE EXCEPTION(6:FileNotFoundException): Cannot locate resource HardwareSkinningShadow.cg in resource group Popular or any other group. in ResourceGroupManager::openResource at /home/christian/Downloads/ogre/OgreMain/src/OgreResourceGroupManager.cpp (line 756)
22:01:55: High-level program Ogre/RTShader/shadow_caster_skinning_2weight_vs_cg encountered an error during loading and is thus not supported.
OGRE EXCEPTION(6:FileNotFoundException): Cannot locate resource HardwareSkinningShadow.cg in resource group Popular or any other group. in ResourceGroupManager::openResource at /home/christian/Downloads/ogre/OgreMain/src/OgreResourceGroupManager.cpp (line 756)
22:01:55: OGRE EXCEPTION(2:InvalidParametersException): Named constants have not been initialised, perhaps a compile error. in GpuProgramParameters::_findNamedConstantDefinition at /home/christian/Downloads/ogre/OgreMain/src/OgreGpuProgramParams.cpp (line 1709)
22:01:55: Compiler error: invalid parameters in HardwareSkinningShadow.material(43): setting of constant failed
22:01:55: OGRE EXCEPTION(2:InvalidParametersException): Named constants have not been initialised, perhaps a compile error. in GpuProgramParameters::_findNamedConstantDefinition at /home/christian/Downloads/ogre/OgreMain/src/OgreGpuProgramParams.cpp (line 1709)
22:01:55: Compiler error: invalid parameters in HardwareSkinningShadow.material(44): setting of constant failed
22:01:55: OGRE EXCEPTION(6:FileNotFoundException): Cannot locate resource HardwareSkinningShadow.cg in resource group Popular or any other group. in ResourceGroupManager::openResource at /home/christian/Downloads/ogre/OgreMain/src/OgreResourceGroupManager.cpp (line 756)
22:01:55: High-level program Ogre/RTShader/shadow_caster_skinning_3weight_vs_cg encountered an error during loading and is thus not supported.
OGRE EXCEPTION(6:FileNotFoundException): Cannot locate resource HardwareSkinningShadow.cg in resource group Popular or any other group. in ResourceGroupManager::openResource at /home/christian/Downloads/ogre/OgreMain/src/OgreResourceGroupManager.cpp (line 756)
22:01:55: OGRE EXCEPTION(2:InvalidParametersException): Named constants have not been initialised, perhaps a compile error. in GpuProgramParameters::_findNamedConstantDefinition at /home/christian/Downloads/ogre/OgreMain/src/OgreGpuProgramParams.cpp (line 1709)
22:01:55: Compiler error: invalid parameters in HardwareSkinningShadow.material(57): setting of constant failed
22:01:55: OGRE EXCEPTION(2:InvalidParametersException): Named constants have not been initialised, perhaps a compile error. in GpuProgramParameters::_findNamedConstantDefinition at /home/christian/Downloads/ogre/OgreMain/src/OgreGpuProgramParams.cpp (line 1709)
22:01:55: Compiler error: invalid parameters in HardwareSkinningShadow.material(58): setting of constant failed
22:01:55: OGRE EXCEPTION(6:FileNotFoundException): Cannot locate resource HardwareSkinningShadow.cg in resource group Popular or any other group. in ResourceGroupManager::openResource at /home/christian/Downloads/ogre/OgreMain/src/OgreResourceGroupManager.cpp (line 756)
22:01:55: High-level program Ogre/RTShader/shadow_caster_skinning_4weight_vs_cg encountered an error during loading and is thus not supported.
OGRE EXCEPTION(6:FileNotFoundException): Cannot locate resource HardwareSkinningShadow.cg in resource group Popular or any other group. in ResourceGroupManager::openResource at /home/christian/Downloads/ogre/OgreMain/src/OgreResourceGroupManager.cpp (line 756)
22:01:55: OGRE EXCEPTION(2:InvalidParametersException): Named constants have not been initialised, perhaps a compile error. in GpuProgramParameters::_findNamedConstantDefinition at /home/christian/Downloads/ogre/OgreMain/src/OgreGpuProgramParams.cpp (line 1709)
22:01:55: Compiler error: invalid parameters in HardwareSkinningShadow.material(72): setting of constant failed
22:01:55: OGRE EXCEPTION(2:InvalidParametersException): Named constants have not been initialised, perhaps a compile error. in GpuProgramParameters::_findNamedConstantDefinition at /home/christian/Downloads/ogre/OgreMain/src/OgreGpuProgramParams.cpp (line 1709)
22:01:55: Compiler error: invalid parameters in HardwareSkinningShadow.material(73): setting of constant failed
22:01:55: OGRE EXCEPTION(6:FileNotFoundException): Cannot locate resource HardwareSkinningShadow.cg in resource group Popular or any other group. in ResourceGroupManager::openResource at /home/christian/Downloads/ogre/OgreMain/src/OgreResourceGroupManager.cpp (line 756)
22:01:55: High-level program Ogre/RTShader/shadow_receiver_vs encountered an error during loading and is thus not supported.
OGRE EXCEPTION(6:FileNotFoundException): Cannot locate resource HardwareSkinningShadow.cg in resource group Popular or any other group. in ResourceGroupManager::openResource at /home/christian/Downloads/ogre/OgreMain/src/OgreResourceGroupManager.cpp (line 756)
22:01:55: OGRE EXCEPTION(2:InvalidParametersException): Named constants have not been initialised, perhaps a compile error. in GpuProgramParameters::_findNamedConstantDefinition at /home/christian/Downloads/ogre/OgreMain/src/OgreGpuProgramParams.cpp (line 1709)
22:01:55: Compiler error: invalid parameters in HardwareSkinningShadow.material(302): setting of constant failed
22:01:55: OGRE EXCEPTION(6:FileNotFoundException): Cannot locate resource HardwareSkinningShadow.cg in resource group Popular or any other group. in ResourceGroupManager::openResource at /home/christian/Downloads/ogre/OgreMain/src/OgreResourceGroupManager.cpp (line 756)
22:01:55: High-level program Ogre/RTShader/shadow_receiver_ps encountered an error during loading and is thus not supported.
OGRE EXCEPTION(6:FileNotFoundException): Cannot locate resource HardwareSkinningShadow.cg in resource group Popular or any other group. in ResourceGroupManager::openResource at /home/christian/Downloads/ogre/OgreMain/src/OgreResourceGroupManager.cpp (line 756)
22:01:55: Parsing script GBuffer.material
22:01:55: Parsing script HemisphereMC.material
22:01:55: Parsing script ShowNormals.material
22:01:55: Parsing script CreaseShading.material
22:01:55: Parsing script Modulate.material
22:01:55: Parsing script ShowViewPos.material
22:01:55: Parsing script HorizonBased.material
22:01:55: Parsing script Volumetric.material
22:01:55: Parsing script ShowDepth.material
22:01:55: Parsing script UnsharpMask.material
22:01:55: Parsing script SSAOPost.material
22:01:55: Parsing script Crytek.material
22:01:55: Parsing script triplanarReference.material
22:01:55: Parsing script RomanBath.material
22:01:55: Parsing script Sinbad.material
22:01:55: Parsing script Examples-Water.particle
22:01:55: Parsing script emitted_emitter.particle
22:01:55: Parsing script smoke.particle
22:01:55: Parsing script Examples.particle
22:01:55: Parsing script Examples.compositor
22:01:55: Parsing script deferred.compositor
22:01:55: Parsing script ssao.compositor
22:01:55: Parsing script SSAO.compositor
22:01:55: Parsing script SSAOPost.compositor
22:01:55: Finished parsing scripts for resource group Popular
22:01:55: Creating resources for group Popular
22:01:55: All done
22:01:55: Parsing scripts for resource group Tests
22:01:55: Finished parsing scripts for resource group Tests
22:01:55: Creating resources for group Tests
22:01:55: All done
22:01:55: Mesh: Loading cube.mesh.
22:01:55: Texture: rockwall.tga: Loading 1 faces(PF_R8G8B8,256x256x1) with 5 generated mipmaps from Image. Internal format is PF_X8R8G8B8,256x256x1.
22:01:55: Mesh: Loading ship.mesh.
22:01:55: WARNING: ship.mesh is an older format ([MeshSerializer_v1.40]); you should upgrade it as soon as possible using the OgreMeshUpgrade tool.
22:01:55: Can't assign material BLACK_mate/SOLID/TEX/ecslHorizontal.bmp to SubEntity of Ogre/MO101 because this Material does not exist. Have you forgotten to define it in a .material script?
22:01:55: Can't assign material Black_plas/SOLID/TEX/ecslHorizontal.bmp to SubEntity of Ogre/MO101 because this Material does not exist. Have you forgotten to define it in a .material script?
22:01:55: Can't assign material Blue_plast/SOLID/TEX/ecslHorizontal.bmp to SubEntity of Ogre/MO101 because this Material does not exist. Have you forgotten to define it in a .material script?
22:01:55: Can't assign material boat_wood/SOLID/TEX/ecslHorizontal.bmp to SubEntity of Ogre/MO101 because this Material does not exist. Have you forgotten to define it in a .material script?
22:01:55: Can't assign material Chrome/SOLID/TEX/ecslHorizontal.bmp to SubEntity of Ogre/MO101 because this Material does not exist. Have you forgotten to define it in a .material script?
22:01:55: Can't assign material Glass/SOLID/TEX/ecslHorizontal.bmp to SubEntity of Ogre/MO101 because this Material does not exist. Have you forgotten to define it in a .material script?
22:01:55: Can't assign material white_mate/SOLID/TEX/ecslHorizontal.bmp to SubEntity of Ogre/MO101 because this Material does not exist. Have you forgotten to define it in a .material script?
22:01:55: Can't assign material White_plst/SOLID/TEX/ecslHorizontal.bmp to SubEntity of Ogre/MO101 because this Material does not exist. Have you forgotten to define it in a .material script?
22:01:55: Can't assign material SOLID/TEX/ecslHorizontal.bmp to SubEntity of Ogre/MO101 because this Material does not exist. Have you forgotten to define it in a .material script?
22:01:55: Texture: waves2.dds: Loading 1 faces(PF_A8R8G8B8,256x256x1) with 5 generated mipmaps from Image. Internal format is PF_A8R8G8B8,256x256x1.
22:01:55: Texture: morning.jpg: Loading 6 faces(PF_R8G8B8,512x512x1) with 5 generated mipmaps from multiple Images. Internal format is PF_X8R8G8B8,512x512x1.
22:01:55: Texture: morning_fr.jpg: Loading 1 faces(PF_R8G8B8,512x512x1) with 5 generated mipmaps from Image. Internal format is PF_X8R8G8B8,512x512x1.
22:01:55: Texture: morning_bk.jpg: Loading 1 faces(PF_R8G8B8,512x512x1) with 5 generated mipmaps from Image. Internal format is PF_X8R8G8B8,512x512x1.
22:01:55: Texture: morning_lf.jpg: Loading 1 faces(PF_R8G8B8,512x512x1) with 5 generated mipmaps from Image. Internal format is PF_X8R8G8B8,512x512x1.
22:01:55: Texture: morning_rt.jpg: Loading 1 faces(PF_R8G8B8,512x512x1) with 5 generated mipmaps from Image. Internal format is PF_X8R8G8B8,512x512x1.
22:01:55: Texture: morning_up.jpg: Loading 1 faces(PF_R8G8B8,512x512x1) with 5 generated mipmaps from Image. Internal format is PF_X8R8G8B8,512x512x1.
22:01:55: Texture: morning_dn.jpg: Loading 1 faces(PF_R8G8B8,512x512x1) with 5 generated mipmaps from Image. Internal format is PF_X8R8G8B8,512x512x1.
22:01:55: *** Initializing OIS ***
22:01:55: Font SdkTrays/Caption using texture size 512x256
22:01:55: Info: Freetype returned null for character 160 in font SdkTrays/Caption
22:01:55: Texture: SdkTrays/CaptionTexture: Loading 1 faces(PF_BYTE_LA,512x256x1) with 0 generated mipmaps from Image. Internal format is PF_BYTE_LA,512x256x1.
22:01:55: Font SdkTrays/Value using texture size 512x256
22:01:55: Info: Freetype returned null for character 127 in font SdkTrays/Value
22:01:55: Info: Freetype returned null for character 128 in font SdkTrays/Value
22:01:55: Info: Freetype returned null for character 129 in font SdkTrays/Value
22:01:55: Info: Freetype returned null for character 130 in font SdkTrays/Value
22:01:55: Info: Freetype returned null for character 131 in font SdkTrays/Value
22:01:55: Info: Freetype returned null for character 132 in font SdkTrays/Value
22:01:55: Info: Freetype returned null for character 133 in font SdkTrays/Value
22:01:55: Info: Freetype returned null for character 134 in font SdkTrays/Value
22:01:55: Info: Freetype returned null for character 135 in font SdkTrays/Value
22:01:55: Info: Freetype returned null for character 136 in font SdkTrays/Value
22:01:55: Info: Freetype returned null for character 137 in font SdkTrays/Value
22:01:55: Info: Freetype returned null for character 138 in font SdkTrays/Value
22:01:55: Info: Freetype returned null for character 139 in font SdkTrays/Value
22:01:55: Info: Freetype returned null for character 140 in font SdkTrays/Value
22:01:55: Info: Freetype returned null for character 141 in font SdkTrays/Value
22:01:55: Info: Freetype returned null for character 142 in font SdkTrays/Value
22:01:55: Info: Freetype returned null for character 143 in font SdkTrays/Value
22:01:55: Info: Freetype returned null for character 144 in font SdkTrays/Value
22:01:55: Info: Freetype returned null for character 145 in font SdkTrays/Value
22:01:55: Info: Freetype returned null for character 146 in font SdkTrays/Value
22:01:55: Info: Freetype returned null for character 147 in font SdkTrays/Value
22:01:55: Info: Freetype returned null for character 148 in font SdkTrays/Value
22:01:55: Info: Freetype returned null for character 149 in font SdkTrays/Value
22:01:55: Info: Freetype returned null for character 150 in font SdkTrays/Value
22:01:55: Info: Freetype returned null for character 151 in font SdkTrays/Value
22:01:55: Info: Freetype returned null for character 152 in font SdkTrays/Value
22:01:55: Info: Freetype returned null for character 153 in font SdkTrays/Value
22:01:55: Info: Freetype returned null for character 154 in font SdkTrays/Value
22:01:55: Info: Freetype returned null for character 155 in font SdkTrays/Value
22:01:55: Info: Freetype returned null for character 156 in font SdkTrays/Value
22:01:55: Info: Freetype returned null for character 157 in font SdkTrays/Value
22:01:55: Info: Freetype returned null for character 158 in font SdkTrays/Value
22:01:55: Info: Freetype returned null for character 159 in font SdkTrays/Value
22:01:55: Info: Freetype returned null for character 160 in font SdkTrays/Value
22:01:55: Texture: SdkTrays/ValueTexture: Loading 1 faces(PF_BYTE_LA,512x256x1) with 0 generated mipmaps from Image. Internal format is PF_BYTE_LA,512x256x1.
22:04:24: Unregistering ResourceManager for type Font
22:04:24: DefaultWorkQueue('Root') shutting down on thread 7f312b66ec40.
22:04:24: DefaultWorkQueue('Root')::WorkerFunc - thread 7f31067fc700 stopped.
22:04:24: DefaultWorkQueue('Root')::WorkerFunc - thread 7f3106ffd700 stopped.
22:04:24: DefaultWorkQueue('Root')::WorkerFunc - thread 7f3114d09700 stopped.
22:04:24: DefaultWorkQueue('Root')::WorkerFunc - thread 7f3107fff700 stopped.
22:04:24: DefaultWorkQueue('Root')::WorkerFunc - thread 7f3115d0b700 stopped.
22:04:24: DefaultWorkQueue('Root')::WorkerFunc - thread 7f311550a700 stopped.
22:04:24: DefaultWorkQueue('Root')::WorkerFunc - thread 7f31077fe700 stopped.
22:04:24: DefaultWorkQueue('Root')::WorkerFunc - thread 7f311650c700 stopped.
22:04:24: PCZone Factory Type 'ZoneType_Octree' unregistered
22:04:24: Unregistering ResourceManager for type BspLevel
22:04:24: *-*-* OGRE Shutdown
22:04:24: Unregistering ResourceManager for type Compositor
22:04:24: Unregistering ResourceManager for type Skeleton
22:04:24: Unregistering ResourceManager for type Mesh
22:04:24: Unregistering ResourceManager for type HighLevelGpuProgram
22:04:24: Uninstalling plugin: Octree Scene Manager
22:04:24: Plugin successfully uninstalled
22:04:24: Unloading library /usr/local/lib/OGRE/Plugin_OctreeSceneManager
22:04:24: Uninstalling plugin: Octree Zone Factory
22:04:24: Plugin successfully uninstalled
22:04:24: Unloading library /usr/local/lib/OGRE/Plugin_OctreeZone
22:04:24: Uninstalling plugin: Portal Connected Zone Scene Manager
22:04:24: Plugin successfully uninstalled
22:04:24: Unloading library /usr/local/lib/OGRE/Plugin_PCZSceneManager
22:04:24: Uninstalling plugin: Cg Program Manager
22:04:24: Plugin successfully uninstalled
22:04:24: Unloading library /usr/local/lib/OGRE/Plugin_CgProgramManager
22:04:24: Uninstalling plugin: BSP Scene Manager
22:04:24: Plugin successfully uninstalled
22:04:24: Unloading library /usr/local/lib/OGRE/Plugin_BSPSceneManager
22:04:24: Uninstalling plugin: ParticleFX
22:04:24: Plugin successfully uninstalled
22:04:24: Unloading library /usr/local/lib/OGRE/Plugin_ParticleFX
22:04:24: Uninstalling plugin: GL RenderSystem
22:04:24: Unregistering ResourceManager for type GpuProgram
22:04:24: ******************************
*** Stopping GLX Subsystem ***
******************************
22:04:24: Unregistering ResourceManager for type Texture
22:04:24: Plugin successfully uninstalled
22:04:24: Unloading library /usr/local/lib/OGRE/RenderSystem_GL
22:04:24: Unregistering ResourceManager for type Material
