11:37:31: Creating resource group General
11:37:31: Creating resource group Internal
11:37:31: Creating resource group Autodetect
11:37:31: SceneManagerFactory for type 'DefaultSceneManager' registered.
11:37:31: Registering ResourceManager for type Material
11:37:31: Registering ResourceManager for type Mesh
11:37:31: Registering ResourceManager for type Skeleton
11:37:31: MovableObjectFactory for type 'ParticleSystem' registered.
11:37:31: ArchiveFactory for archive type FileSystem registered.
11:37:31: ArchiveFactory for archive type Zip registered.
11:37:31: ArchiveFactory for archive type EmbeddedZip registered.
11:37:31: DDS codec registering
11:37:31: FreeImage version: 3.17.0
11:37:31: This program uses FreeImage, a free, open source image library supporting all common bitmap formats. See http://freeimage.sourceforge.net for details
11:37:31: Supported formats: bmp,ico,jpg,jif,jpeg,jpe,jng,koa,iff,lbm,mng,pbm,pbm,pcd,pcx,pgm,pgm,png,ppm,ppm,ras,tga,targa,tif,tiff,wap,wbmp,wbm,psd,cut,xbm,xpm,gif,hdr,g3,sgi,rgb,rgba,bw,exr,j2k,j2c,jp2,pfm,pct,pict,pic,3fr,arw,bay,bmq,cap,cine,cr2,crw,cs1,dc2,dcr,drf,dsc,dng,erf,fff,ia,iiq,k25,kc2,kdc,mdc,mef,mos,mrw,nef,nrw,orf,pef,ptx,pxn,qtk,raf,raw,rdc,rw2,rwl,rwz,sr2,srf,srw,sti,x3f,webp,jxr,wdp,hdp
11:37:31: Registering ResourceManager for type HighLevelGpuProgram
11:37:31: Registering ResourceManager for type Compositor
11:37:31: MovableObjectFactory for type 'Entity' registered.
11:37:31: MovableObjectFactory for type 'Light' registered.
11:37:31: MovableObjectFactory for type 'BillboardSet' registered.
11:37:31: MovableObjectFactory for type 'ManualObject' registered.
11:37:31: MovableObjectFactory for type 'BillboardChain' registered.
11:37:31: MovableObjectFactory for type 'RibbonTrail' registered.
11:37:31: Loading library /usr/local/lib/OGRE/RenderSystem_GL
11:37:31: Installing plugin: GL RenderSystem
11:37:31: OpenGL Rendering Subsystem created.
11:37:31: Plugin successfully installed
11:37:31: Loading library /usr/local/lib/OGRE/Plugin_ParticleFX
11:37:31: Installing plugin: ParticleFX
11:37:31: Particle Emitter Type 'Point' registered
11:37:31: Particle Emitter Type 'Box' registered
11:37:31: Particle Emitter Type 'Ellipsoid' registered
11:37:31: Particle Emitter Type 'Cylinder' registered
11:37:31: Particle Emitter Type 'Ring' registered
11:37:31: Particle Emitter Type 'HollowEllipsoid' registered
11:37:31: Particle Affector Type 'LinearForce' registered
11:37:31: Particle Affector Type 'ColourFader' registered
11:37:31: Particle Affector Type 'ColourFader2' registered
11:37:31: Particle Affector Type 'ColourImage' registered
11:37:31: Particle Affector Type 'ColourInterpolator' registered
11:37:31: Particle Affector Type 'Scaler' registered
11:37:31: Particle Affector Type 'Rotator' registered
11:37:31: Particle Affector Type 'DirectionRandomiser' registered
11:37:31: Particle Affector Type 'DeflectorPlane' registered
11:37:31: Plugin successfully installed
11:37:31: Loading library /usr/local/lib/OGRE/Plugin_BSPSceneManager
11:37:31: Installing plugin: BSP Scene Manager
11:37:31: Plugin successfully installed
11:37:31: Loading library /usr/local/lib/OGRE/Plugin_CgProgramManager
11:37:31: Installing plugin: Cg Program Manager
11:37:31: Plugin successfully installed
11:37:31: Loading library /usr/local/lib/OGRE/Plugin_PCZSceneManager
11:37:31: Installing plugin: Portal Connected Zone Scene Manager
11:37:31: PCZone Factory Type 'ZoneType_Default' registered
11:37:31: Plugin successfully installed
11:37:31: Loading library /usr/local/lib/OGRE/Plugin_OctreeZone
11:37:31: Installing plugin: Octree Zone Factory
11:37:31: Plugin successfully installed
11:37:31: Loading library /usr/local/lib/OGRE/Plugin_OctreeSceneManager
11:37:31: Installing plugin: Octree Scene Manager
11:37:31: Plugin successfully installed
11:37:31: *-*-* OGRE Initialising
11:37:31: *-*-* Version 1.9.0 (Ghadamon)
11:37:31: Creating resource group Essential
11:37:31: Added resource location '/usr/local/share/OGRE/Media/thumbnails' of type 'FileSystem' to resource group 'Essential'
11:37:31: Added resource location '/usr/local/share/OGRE/Media/packs/SdkTrays.zip' of type 'Zip' to resource group 'Essential'
11:37:31: Added resource location '/usr/local/share/OGRE/Media/packs/profiler.zip' of type 'Zip' to resource group 'Essential'
11:37:31: Added resource location '/usr/local/share/OGRE/Media' of type 'FileSystem' to resource group 'General'
11:37:31: Creating resource group Popular
11:37:31: Added resource location '/usr/local/share/OGRE/Media/fonts' of type 'FileSystem' to resource group 'Popular'
11:37:31: Added resource location '/usr/local/share/OGRE/Media/materials/programs' of type 'FileSystem' to resource group 'Popular'
11:37:31: Added resource location '/usr/local/share/OGRE/Media/materials/scripts' of type 'FileSystem' to resource group 'Popular'
11:37:31: Added resource location '/usr/local/share/OGRE/Media/materials/textures' of type 'FileSystem' to resource group 'Popular'
11:37:31: Added resource location '/usr/local/share/OGRE/Media/materials/textures/nvidia' of type 'FileSystem' to resource group 'Popular'
11:37:31: Added resource location '/usr/local/share/OGRE/Media/models' of type 'FileSystem' to resource group 'Popular'
11:37:31: Added resource location '/usr/local/share/OGRE/Media/particle' of type 'FileSystem' to resource group 'Popular'
11:37:31: Added resource location '/usr/local/share/OGRE/Media/DeferredShadingMedia' of type 'FileSystem' to resource group 'Popular'
11:37:31: Added resource location '/usr/local/share/OGRE/Media/PCZAppMedia' of type 'FileSystem' to resource group 'Popular'
11:37:31: Added resource location '/usr/local/share/OGRE/Media/RTShaderLib' of type 'FileSystem' to resource group 'Popular'
11:37:31: Added resource location '/usr/local/share/OGRE/Media/RTShaderLib/materials' of type 'FileSystem' to resource group 'Popular'
11:37:31: Added resource location '/usr/local/share/OGRE/Media/materials/scripts/SSAO' of type 'FileSystem' to resource group 'Popular'
11:37:31: Added resource location '/usr/local/share/OGRE/Media/materials/textures/SSAO' of type 'FileSystem' to resource group 'Popular'
11:37:31: Added resource location '/usr/local/share/OGRE/Media/volumeTerrain' of type 'FileSystem' to resource group 'Popular'
11:37:31: Added resource location '/usr/local/share/OGRE/Media/packs/cubemap.zip' of type 'Zip' to resource group 'Popular'
11:37:31: Added resource location '/usr/local/share/OGRE/Media/packs/cubemapsJS.zip' of type 'Zip' to resource group 'Popular'
11:37:31: Added resource location '/usr/local/share/OGRE/Media/packs/dragon.zip' of type 'Zip' to resource group 'Popular'
11:37:31: Added resource location '/usr/local/share/OGRE/Media/packs/fresneldemo.zip' of type 'Zip' to resource group 'Popular'
11:37:31: Added resource location '/usr/local/share/OGRE/Media/packs/ogretestmap.zip' of type 'Zip' to resource group 'Popular'
11:37:31: Added resource location '/usr/local/share/OGRE/Media/packs/ogredance.zip' of type 'Zip' to resource group 'Popular'
11:37:31: Added resource location '/usr/local/share/OGRE/Media/packs/Sinbad.zip' of type 'Zip' to resource group 'Popular'
11:37:31: Added resource location '/usr/local/share/OGRE/Media/packs/skybox.zip' of type 'Zip' to resource group 'Popular'
11:37:31: Added resource location '/usr/local/share/OGRE/Media/volumeTerrain/volumeTerrainBig.zip' of type 'Zip' to resource group 'Popular'
11:37:31: Creating resource group Tests
11:37:31: Added resource location '/usr/local/Tests/Media' of type 'FileSystem' to resource group 'Tests'
11:37:31: Added resource location '/usr/local/share/OGRE/Media/RTShaderLib/GLSL' of type 'FileSystem' to resource group 'Tests'
11:37:31: Added resource location '/usr/local/share/OGRE/Media/materials/programs/GLSL' of type 'FileSystem' to resource group 'Tests'
11:37:31: Added resource location '/usr/local/share/OGRE/Media/materials/programs/Cg' of type 'FileSystem' to resource group 'Tests'
11:37:31: Added resource location '/home/christian/Desktop/cs381/eclipse-wokspace/As3/assets' of type 'FileSystem' to resource group 'Tests'
11:37:32: CPU Identifier & Features
11:37:32: -------------------------
11:37:32:  *   CPU ID: GenuineIntel: Intel(R) Core(TM) i5-8250U CPU @ 1.60GHz
11:37:32:  *      SSE: yes
11:37:32:  *     SSE2: yes
11:37:32:  *     SSE3: yes
11:37:32:  *      MMX: yes
11:37:32:  *   MMXEXT: yes
11:37:32:  *    3DNOW: no
11:37:32:  * 3DNOWEXT: no
11:37:32:  *     CMOV: yes
11:37:32:  *      TSC: yes
11:37:32:  *      FPU: yes
11:37:32:  *      PRO: yes
11:37:32:  *       HT: no
11:37:32: -------------------------
11:37:32: ******************************
*** Starting GLX Subsystem ***
******************************
11:37:32: Registering ResourceManager for type Texture
11:37:32: GLRenderSystem::_createRenderWindow "TutorialApplication Render Window", 800x600 windowed  miscParams: FSAA=0 displayFrequency=60 Hz gamma=No vsync=No 
11:37:33: GLXWindow::create used FBConfigID = 198
11:37:33: GL_VERSION = 3.0 Mesa 19.2.1
11:37:33: GL_VENDOR = Intel Open Source Technology Center
11:37:33: GL_RENDERER = Mesa DRI Intel(R) UHD Graphics 620 (Kabylake GT2) 
11:37:33: GL_EXTENSIONS = GL_ARB_multisample GL_EXT_abgr GL_EXT_bgra GL_EXT_blend_color GL_EXT_blend_minmax GL_EXT_blend_subtract GL_EXT_copy_texture GL_EXT_subtexture GL_EXT_texture_object GL_EXT_vertex_array GL_EXT_compiled_vertex_array GL_EXT_texture GL_EXT_texture3D GL_IBM_rasterpos_clip GL_ARB_point_parameters GL_EXT_draw_range_elements GL_EXT_packed_pixels GL_EXT_point_parameters GL_EXT_rescale_normal GL_EXT_separate_specular_color GL_EXT_texture_edge_clamp GL_SGIS_generate_mipmap GL_SGIS_texture_border_clamp GL_SGIS_texture_edge_clamp GL_SGIS_texture_lod GL_ARB_framebuffer_sRGB GL_ARB_multitexture GL_EXT_framebuffer_sRGB GL_IBM_multimode_draw_arrays GL_IBM_texture_mirrored_repeat GL_3DFX_texture_compression_FXT1 GL_ARB_texture_cube_map GL_ARB_texture_env_add GL_ARB_transpose_matrix GL_EXT_blend_func_separate GL_EXT_fog_coord GL_EXT_multi_draw_arrays GL_EXT_secondary_color GL_EXT_texture_env_add GL_EXT_texture_filter_anisotropic GL_EXT_texture_lod_bias GL_INGR_blend_func_separate GL_NV_blend_square GL_NV_light_max_exponent GL_NV_texgen_reflection GL_NV_texture_env_combine4 GL_S3_s3tc GL_SUN_multi_draw_arrays GL_ARB_texture_border_clamp GL_ARB_texture_compression GL_EXT_framebuffer_object GL_EXT_texture_compression_s3tc GL_EXT_texture_env_combine GL_EXT_texture_env_dot3 GL_MESA_window_pos GL_NV_packed_depth_stencil GL_NV_texture_rectangle GL_ARB_depth_texture GL_ARB_occlusion_query GL_ARB_shadow GL_ARB_texture_env_combine GL_ARB_texture_env_crossbar GL_ARB_texture_env_dot3 GL_ARB_texture_mirrored_repeat GL_ARB_window_pos GL_EXT_stencil_two_side GL_EXT_texture_cube_map GL_NV_depth_clamp GL_NV_fog_distance GL_APPLE_packed_pixels GL_ARB_draw_buffers GL_ARB_fragment_program GL_ARB_fragment_shader GL_ARB_shader_objects GL_ARB_vertex_program GL_ARB_vertex_shader GL_ATI_draw_buffers GL_ATI_texture_env_combine3 GL_ATI_texture_float GL_EXT_shadow_funcs GL_EXT_stencil_wrap GL_MESA_pack_invert GL_NV_primitive_restart GL_ARB_depth_clamp GL_ARB_fragment_program_shadow GL_ARB_half_float_pixel GL_ARB_occlusion_query2 GL_ARB_point_sprite GL_ARB_shading_language_100 GL_ARB_sync GL_ARB_texture_non_power_of_two GL_ARB_vertex_buffer_object GL_ATI_blend_equation_separate GL_EXT_blend_equation_separate GL_OES_read_format GL_ARB_color_buffer_float GL_ARB_pixel_buffer_object GL_ARB_texture_compression_rgtc GL_ARB_texture_float GL_ARB_texture_rectangle GL_EXT_packed_float GL_EXT_pixel_buffer_object GL_EXT_texture_compression_dxt1 GL_EXT_texture_compression_rgtc GL_EXT_texture_rectangle GL_EXT_texture_sRGB GL_EXT_texture_shared_exponent GL_ARB_framebuffer_object GL_EXT_framebuffer_blit GL_EXT_framebuffer_multisample GL_EXT_packed_depth_stencil GL_APPLE_object_purgeable GL_ARB_vertex_array_object GL_ATI_separate_stencil GL_EXT_draw_buffers2 GL_EXT_draw_instanced GL_EXT_gpu_program_parameters GL_EXT_texture_array GL_EXT_texture_integer GL_EXT_texture_sRGB_decode GL_EXT_timer_query GL_OES_EGL_image GL_AMD_texture_texture4 GL_ARB_copy_buffer GL_ARB_depth_buffer_float GL_ARB_draw_instanced GL_ARB_half_float_vertex GL_ARB_instanced_arrays GL_ARB_map_buffer_range GL_ARB_texture_rg GL_ARB_texture_swizzle GL_ARB_vertex_array_bgra GL_EXT_texture_swizzle GL_EXT_vertex_array_bgra GL_NV_conditional_render GL_AMD_conservative_depth GL_AMD_depth_clamp_separate GL_AMD_draw_buffers_blend GL_AMD_seamless_cubemap_per_texture GL_AMD_shader_stencil_export GL_ARB_ES2_compatibility GL_ARB_blend_func_extended GL_ARB_debug_output GL_ARB_draw_buffers_blend GL_ARB_draw_elements_base_vertex GL_ARB_explicit_attrib_location GL_ARB_fragment_coord_conventions GL_ARB_provoking_vertex GL_ARB_sample_shading GL_ARB_sampler_objects GL_ARB_seamless_cube_map GL_ARB_shader_stencil_export GL_ARB_shader_texture_lod GL_ARB_texture_cube_map_array GL_ARB_texture_gather GL_ARB_texture_multisample GL_ARB_texture_query_lod GL_ARB_texture_rgb10_a2ui GL_ARB_uniform_buffer_object GL_ARB_vertex_type_2_10_10_10_rev GL_EXT_provoking_vertex GL_EXT_texture_snorm GL_MESA_texture_signed_rgba GL_NV_texture_barrier GL_ARB_draw_indirect GL_ARB_get_program_binary GL_ARB_robustness GL_ARB_separate_shader_objects GL_ARB_shader_bit_encoding GL_ARB_shader_precision GL_ARB_texture_compression_bptc GL_ARB_timer_query GL_ARB_transform_feedback2 GL_ARB_transform_feedback3 GL_AMD_multi_draw_indirect GL_ANGLE_texture_compression_dxt3 GL_ANGLE_texture_compression_dxt5 GL_ARB_compressed_texture_pixel_storage GL_ARB_conservative_depth GL_ARB_internalformat_query GL_ARB_map_buffer_alignment GL_ARB_shader_atomic_counters GL_ARB_shader_image_load_store GL_ARB_shading_language_420pack GL_ARB_shading_language_packing GL_ARB_texture_storage GL_ARB_transform_feedback_instanced GL_EXT_framebuffer_multisample_blit_scaled GL_EXT_transform_feedback GL_AMD_query_buffer_object GL_AMD_shader_trinary_minmax GL_ARB_ES3_compatibility GL_ARB_arrays_of_arrays GL_ARB_clear_buffer_object GL_ARB_compute_shader GL_ARB_copy_image GL_ARB_explicit_uniform_location GL_ARB_fragment_layer_viewport GL_ARB_framebuffer_no_attachments GL_ARB_invalidate_subdata GL_ARB_multi_draw_indirect GL_ARB_program_interface_query GL_ARB_robust_buffer_access_behavior GL_ARB_shader_image_size GL_ARB_shader_storage_buffer_object GL_ARB_stencil_texturing GL_ARB_texture_query_levels GL_ARB_texture_storage_multisample GL_ARB_texture_view GL_ARB_vertex_attrib_binding GL_KHR_debug GL_KHR_robustness GL_KHR_texture_compression_astc_ldr GL_ARB_buffer_storage GL_ARB_clear_texture GL_ARB_indirect_parameters GL_ARB_internalformat_query2 GL_ARB_multi_bind GL_ARB_query_buffer_object GL_ARB_seamless_cubemap_per_texture GL_ARB_shader_draw_parameters GL_ARB_shader_group_vote GL_ARB_texture_mirror_clamp_to_edge GL_ARB_texture_stencil8 GL_ARB_vertex_type_10f_11f_11f_rev GL_EXT_shader_framebuffer_fetch GL_EXT_shader_integer_mix GL_INTEL_performance_query GL_ARB_ES3_1_compatibility GL_ARB_clip_control GL_ARB_conditional_render_inverted GL_ARB_cull_distance GL_ARB_derivative_control GL_ARB_get_texture_sub_image GL_ARB_pipeline_statistics_query GL_ARB_shader_texture_image_samples GL_ARB_texture_barrier GL_ARB_transform_feedback_overflow_query GL_EXT_polygon_offset_clamp GL_KHR_blend_equation_advanced GL_KHR_blend_equation_advanced_coherent GL_KHR_context_flush_control GL_KHR_robust_buffer_access_behavior GL_ARB_fragment_shader_interlock GL_ARB_parallel_shader_compile GL_ARB_post_depth_coverage GL_ARB_shader_atomic_counter_ops GL_ARB_shader_ballot GL_ARB_shader_clock GL_EXT_shader_samples_identical GL_KHR_no_error GL_KHR_texture_compression_astc_sliced_3d GL_NV_fragment_shader_interlock GL_MESA_shader_integer_functions GL_ARB_polygon_offset_clamp GL_ARB_texture_filter_anisotropic GL_KHR_parallel_shader_compile GL_EXT_shader_framebuffer_fetch_non_coherent GL_EXT_texture_sRGB_R8 GL_EXT_texture_shadow_lod GL_INTEL_shader_atomic_float_minmax GL_NV_compute_shader_derivatives 
11:37:33: Supported GLX extensions: GLX_ARB_create_context GLX_ARB_create_context_profile GLX_ARB_create_context_robustness GLX_ARB_fbconfig_float GLX_ARB_framebuffer_sRGB GLX_ARB_get_proc_address GLX_ARB_multisample GLX_EXT_buffer_age GLX_EXT_create_context_es2_profile GLX_EXT_create_context_es_profile GLX_EXT_fbconfig_packed_float GLX_EXT_framebuffer_sRGB GLX_EXT_import_context GLX_EXT_texture_from_pixmap GLX_EXT_visual_info GLX_EXT_visual_rating GLX_INTEL_swap_event GLX_MESA_copy_sub_buffer GLX_MESA_query_renderer GLX_MESA_swap_control GLX_OML_swap_method GLX_OML_sync_control GLX_SGIS_multisample GLX_SGIX_fbconfig GLX_SGIX_pbuffer GLX_SGIX_visual_select_group GLX_SGI_make_current_read GLX_SGI_swap_control GLX_SGI_video_sync 
11:37:33: ***************************
11:37:33: *** GL Renderer Started ***
11:37:33: ***************************
11:37:33: Registering ResourceManager for type GpuProgram
11:37:33: GLSL support detected
11:37:33: GL: Using GL_EXT_framebuffer_object for rendering to textures (best)
11:37:33: FBO PF_UNKNOWN depth/stencil support: D0S1 D0S4 D0S8 D0S16 D16S0 D16S1 D16S4 D16S8 D16S16 D24S0 D24S1 D24S4 D24S8 D24S16 D32S0 D32S1 D32S4 D32S8 D32S16 Packed-D24S8 
11:37:33: FBO PF_L8 depth/stencil support: D0S0 D0S1 D0S4 D0S8 D0S16 D16S0 D16S1 D16S4 D16S8 D16S16 D24S0 D24S1 D24S4 D24S8 D24S16 D32S0 D32S1 D32S4 D32S8 D32S16 Packed-D24S8 
11:37:33: FBO PF_L16 depth/stencil support: D0S0 D0S1 D0S4 D0S8 D0S16 D16S0 D16S1 D16S4 D16S8 D16S16 D24S0 D24S1 D24S4 D24S8 D24S16 D32S0 D32S1 D32S4 D32S8 D32S16 Packed-D24S8 
11:37:33: FBO PF_A8 depth/stencil support: D0S0 D0S1 D0S4 D0S8 D0S16 D16S0 D16S1 D16S4 D16S8 D16S16 D24S0 D24S1 D24S4 D24S8 D24S16 D32S0 D32S1 D32S4 D32S8 D32S16 Packed-D24S8 
11:37:33: FBO PF_R5G6B5 depth/stencil support: D0S0 D0S1 D0S4 D0S8 D0S16 D16S0 D16S1 D16S4 D16S8 D16S16 D24S0 D24S1 D24S4 D24S8 D24S16 D32S0 D32S1 D32S4 D32S8 D32S16 Packed-D24S8 
11:37:33: FBO PF_B5G6R5 depth/stencil support: D0S0 D0S1 D0S4 D0S8 D0S16 D16S0 D16S1 D16S4 D16S8 D16S16 D24S0 D24S1 D24S4 D24S8 D24S16 D32S0 D32S1 D32S4 D32S8 D32S16 Packed-D24S8 
11:37:33: FBO PF_A4R4G4B4 depth/stencil support: D0S0 D0S1 D0S4 D0S8 D0S16 D16S0 D16S1 D16S4 D16S8 D16S16 D24S0 D24S1 D24S4 D24S8 D24S16 D32S0 D32S1 D32S4 D32S8 D32S16 Packed-D24S8 
11:37:33: FBO PF_A1R5G5B5 depth/stencil support: D0S0 D0S1 D0S4 D0S8 D0S16 D16S0 D16S1 D16S4 D16S8 D16S16 D24S0 D24S1 D24S4 D24S8 D24S16 D32S0 D32S1 D32S4 D32S8 D32S16 Packed-D24S8 
11:37:33: FBO PF_R8G8B8 depth/stencil support: D0S0 D0S1 D0S4 D0S8 D0S16 D16S0 D16S1 D16S4 D16S8 D16S16 D24S0 D24S1 D24S4 D24S8 D24S16 D32S0 D32S1 D32S4 D32S8 D32S16 Packed-D24S8 
11:37:33: FBO PF_B8G8R8 depth/stencil support: D0S0 D0S1 D0S4 D0S8 D0S16 D16S0 D16S1 D16S4 D16S8 D16S16 D24S0 D24S1 D24S4 D24S8 D24S16 D32S0 D32S1 D32S4 D32S8 D32S16 Packed-D24S8 
11:37:33: FBO PF_A8R8G8B8 depth/stencil support: D0S0 D0S1 D0S4 D0S8 D0S16 D16S0 D16S1 D16S4 D16S8 D16S16 D24S0 D24S1 D24S4 D24S8 D24S16 D32S0 D32S1 D32S4 D32S8 D32S16 Packed-D24S8 
11:37:33: FBO PF_B8G8R8A8 depth/stencil support: D0S0 D0S1 D0S4 D0S8 D0S16 D16S0 D16S1 D16S4 D16S8 D16S16 D24S0 D24S1 D24S4 D24S8 D24S16 D32S0 D32S1 D32S4 D32S8 D32S16 Packed-D24S8 
11:37:33: FBO PF_A2R10G10B10 depth/stencil support: D0S0 D0S1 D0S4 D0S8 D0S16 D16S0 D16S1 D16S4 D16S8 D16S16 D24S0 D24S1 D24S4 D24S8 D24S16 D32S0 D32S1 D32S4 D32S8 D32S16 Packed-D24S8 
11:37:33: FBO PF_A2B10G10R10 depth/stencil support: D0S0 D0S1 D0S4 D0S8 D0S16 D16S0 D16S1 D16S4 D16S8 D16S16 D24S0 D24S1 D24S4 D24S8 D24S16 D32S0 D32S1 D32S4 D32S8 D32S16 Packed-D24S8 
11:37:33: FBO PF_FLOAT16_RGB depth/stencil support: D0S0 D0S1 D0S4 D0S8 D0S16 D16S0 D16S1 D16S4 D16S8 D16S16 D24S0 D24S1 D24S4 D24S8 D24S16 D32S0 D32S1 D32S4 D32S8 D32S16 Packed-D24S8 
11:37:33: FBO PF_FLOAT16_RGBA depth/stencil support: D0S0 D0S1 D0S4 D0S8 D0S16 D16S0 D16S1 D16S4 D16S8 D16S16 D24S0 D24S1 D24S4 D24S8 D24S16 D32S0 D32S1 D32S4 D32S8 D32S16 Packed-D24S8 
11:37:33: FBO PF_FLOAT32_RGBA depth/stencil support: D0S0 D0S1 D0S4 D0S8 D0S16 D16S0 D16S1 D16S4 D16S8 D16S16 D24S0 D24S1 D24S4 D24S8 D24S16 D32S0 D32S1 D32S4 D32S8 D32S16 Packed-D24S8 
11:37:33: FBO PF_X8R8G8B8 depth/stencil support: D0S0 D0S1 D0S4 D0S8 D0S16 D16S0 D16S1 D16S4 D16S8 D16S16 D24S0 D24S1 D24S4 D24S8 D24S16 D32S0 D32S1 D32S4 D32S8 D32S16 Packed-D24S8 
11:37:33: FBO PF_X8B8G8R8 depth/stencil support: D0S0 D0S1 D0S4 D0S8 D0S16 D16S0 D16S1 D16S4 D16S8 D16S16 D24S0 D24S1 D24S4 D24S8 D24S16 D32S0 D32S1 D32S4 D32S8 D32S16 Packed-D24S8 
11:37:33: FBO PF_SHORT_RGBA depth/stencil support: D0S0 D0S1 D0S4 D0S8 D0S16 D16S0 D16S1 D16S4 D16S8 D16S16 D24S0 D24S1 D24S4 D24S8 D24S16 D32S0 D32S1 D32S4 D32S8 D32S16 Packed-D24S8 
11:37:33: FBO PF_R3G3B2 depth/stencil support: D0S0 D0S1 D0S4 D0S8 D0S16 D16S0 D16S1 D16S4 D16S8 D16S16 D24S0 D24S1 D24S4 D24S8 D24S16 D32S0 D32S1 D32S4 D32S8 D32S16 Packed-D24S8 
11:37:33: FBO PF_FLOAT16_R depth/stencil support: D0S0 D0S1 D0S4 D0S8 D0S16 D16S0 D16S1 D16S4 D16S8 D16S16 D24S0 D24S1 D24S4 D24S8 D24S16 D32S0 D32S1 D32S4 D32S8 D32S16 Packed-D24S8 
11:37:33: FBO PF_FLOAT32_R depth/stencil support: D0S0 D0S1 D0S4 D0S8 D0S16 D16S0 D16S1 D16S4 D16S8 D16S16 D24S0 D24S1 D24S4 D24S8 D24S16 D32S0 D32S1 D32S4 D32S8 D32S16 Packed-D24S8 
11:37:33: FBO PF_SHORT_RGB depth/stencil support: D0S0 D0S1 D0S4 D0S8 D0S16 D16S0 D16S1 D16S4 D16S8 D16S16 D24S0 D24S1 D24S4 D24S8 D24S16 D32S0 D32S1 D32S4 D32S8 D32S16 Packed-D24S8 
11:37:33: [GL] : Valid FBO targets PF_UNKNOWN PF_L8 PF_L16 PF_A8 PF_R5G6B5 PF_B5G6R5 PF_A4R4G4B4 PF_A1R5G5B5 PF_R8G8B8 PF_B8G8R8 PF_A8R8G8B8 PF_B8G8R8A8 PF_A2R10G10B10 PF_A2B10G10R10 PF_FLOAT16_RGB PF_FLOAT16_RGBA PF_FLOAT32_RGBA PF_X8R8G8B8 PF_X8B8G8R8 PF_SHORT_RGBA PF_R3G3B2 PF_FLOAT16_R PF_FLOAT32_R PF_SHORT_RGB 
11:37:33: RenderSystem capabilities
11:37:33: -------------------------
11:37:33: RenderSystem Name: OpenGL Rendering Subsystem
11:37:33: GPU Vendor: intel
11:37:33: Device Name: Mesa DRI Intel(R) UHD Graphics 620 (Kabylake GT2) 
11:37:33: Driver Version: 3.0.0.0
11:37:33:  * Fixed function pipeline: yes
11:37:33:  * Hardware generation of mipmaps: no
11:37:33:  * Texture blending: yes
11:37:33:  * Anisotropic texture filtering: yes
11:37:33:  * Dot product texture operation: yes
11:37:33:  * Cube mapping: yes
11:37:33:  * Hardware stencil buffer: yes
11:37:33:    - Stencil depth: 8
11:37:33:    - Two sided stencil support: yes
11:37:33:    - Wrap stencil values: yes
11:37:33:  * Hardware vertex / index buffers: yes
11:37:33:  * 32-bit index buffers: yes
11:37:33:  * Vertex programs: yes
11:37:33:  * Number of floating-point constants for vertex programs: 4096
11:37:33:  * Number of integer constants for vertex programs: 0
11:37:33:  * Number of boolean constants for vertex programs: 0
11:37:33:  * Fragment programs: yes
11:37:33:  * Number of floating-point constants for fragment programs: 4096
11:37:33:  * Number of integer constants for fragment programs: 0
11:37:33:  * Number of boolean constants for fragment programs: 0
11:37:33:  * Geometry programs: no
11:37:33:  * Number of floating-point constants for geometry programs: 0
11:37:33:  * Number of integer constants for geometry programs: 760
11:37:33:  * Number of boolean constants for geometry programs: 38875
11:37:33:  * Tesselation Hull programs: no
11:37:33:  * Number of floating-point constants for tesselation hull programs: 12345
11:37:33:  * Number of integer constants for tesselation hull programs: 48
11:37:33:  * Number of boolean constants for tesselation hull programs: 0
11:37:33:  * Tesselation Domain programs: no
11:37:33:  * Number of floating-point constants for tesselation domain programs: 0
11:37:33:  * Number of integer constants for tesselation domain programs: 856
11:37:33:  * Number of boolean constants for tesselation domain programs: 38875
11:37:33:  * Compute programs: no
11:37:33:  * Number of floating-point constants for compute programs: 32719
11:37:33:  * Number of integer constants for compute programs: 0
11:37:33:  * Number of boolean constants for compute programs: 11
11:37:33:  * Supported Shader Profiles: arbfp1 arbvp1 glsl glsl100 glsl110 glsl120
11:37:33:  * Texture Compression: yes
11:37:33:    - DXT: yes
11:37:33:    - VTC: no
11:37:33:    - PVRTC: no
11:37:33:    - ATC: no
11:37:33:    - ETC1: no
11:37:33:    - ETC2: no
11:37:33:    - BC4/BC5: no
11:37:33:    - BC6H/BC7: no
11:37:33:  * Scissor Rectangle: yes
11:37:33:  * Hardware Occlusion Query: yes
11:37:33:  * User clip planes: yes
11:37:33:  * VET_UBYTE4 vertex element type: yes
11:37:33:  * Infinite far plane projection: yes
11:37:33:  * Hardware render-to-texture: yes
11:37:33:  * Floating point textures: yes
11:37:33:  * Non-power-of-two textures: yes
11:37:33:  * 1d textures: yes
11:37:33:  * Volume textures: yes
11:37:33:  * Multiple Render Targets: 8
11:37:33:    - With different bit depths: yes
11:37:33:  * Point Sprites: yes
11:37:33:  * Extended point parameters: yes
11:37:33:  * Max Point Size: 255
11:37:33:  * Vertex texture fetch: yes
11:37:33:  * Number of world matrices: 0
11:37:33:  * Number of texture units: 16
11:37:33:  * Stencil buffer depth: 8
11:37:33:  * Number of vertex blend matrices: 0
11:37:33:    - Max vertex textures: 32
11:37:33:    - Vertex textures shared: yes
11:37:33:  * Render to Vertex Buffer : no
11:37:33:  * Hardware Atomic Counters: no
11:37:33:  * GL 1.5 without VBO workaround: no
11:37:33:  * Frame Buffer objects: yes
11:37:33:  * Frame Buffer objects (ARB extension): no
11:37:33:  * Frame Buffer objects (ATI extension): no
11:37:33:  * PBuffer support: yes
11:37:33:  * GL 1.5 without HW-occlusion workaround: no
11:37:33:  * Vertex Array Objects: no
11:37:33:  * Separate shader objects: no
11:37:33: DefaultWorkQueue('Root') initialising on thread 7fcf97ea5c40.
11:37:33: DefaultWorkQueue('Root')::WorkerFunc - thread 7fcf82d39700 starting.
11:37:33: DefaultWorkQueue('Root')::WorkerFunc - thread 7fcf82538700 starting.
11:37:33: DefaultWorkQueue('Root')::WorkerFunc - thread 7fcf81d37700 starting.
11:37:33: DefaultWorkQueue('Root')::WorkerFunc - thread 7fcf81536700 starting.
11:37:33: DefaultWorkQueue('Root')::WorkerFunc - thread 7fcf80d35700 starting.
11:37:33: DefaultWorkQueue('Root')::WorkerFunc - thread 7fcf737fe700 starting.
11:37:33: DefaultWorkQueue('Root')::WorkerFunc - thread 7fcf73fff700 starting.
11:37:33: DefaultWorkQueue('Root')::WorkerFunc - thread 7fcf72ffd700 starting.
11:37:33: Particle Renderer Type 'billboard' registered
11:37:33: SceneManagerFactory for type 'BspSceneManager' registered.
11:37:33: Registering ResourceManager for type BspLevel
11:37:33: SceneManagerFactory for type 'PCZSceneManager' registered.
11:37:33: MovableObjectFactory for type 'PCZLight' registered.
11:37:33: MovableObjectFactory for type 'Portal' registered.
11:37:33: MovableObjectFactory for type 'AntiPortal' registered.
11:37:33: PCZone Factory Type 'ZoneType_Octree' registered
11:37:33: SceneManagerFactory for type 'OctreeSceneManager' registered.
11:37:33: OverlayElementFactory for type Panel registered.
11:37:33: OverlayElementFactory for type BorderPanel registered.
11:37:33: OverlayElementFactory for type TextArea registered.
11:37:33: Registering ResourceManager for type Font
11:37:33: Parsing scripts for resource group Autodetect
11:37:33: Finished parsing scripts for resource group Autodetect
11:37:33: Creating resources for group Autodetect
11:37:33: All done
11:37:33: Parsing scripts for resource group Essential
11:37:33: Parsing script SdkTrays.material
11:37:33: Parsing script OgreProfiler.material
11:37:33: Parsing script SdkTrays.fontdef
11:37:33: Parsing script SdkTrays.overlay
11:37:33: Texture: sdk_cursor.png: Loading 1 faces(PF_A8R8G8B8,32x32x1) with 5 generated mipmaps from Image. Internal format is PF_A8R8G8B8,32x32x1.
11:37:33: Texture: sdk_tray.png: Loading 1 faces(PF_A8R8G8B8,64x64x1) with 5 generated mipmaps from Image. Internal format is PF_A8R8G8B8,64x64x1.
11:37:33: Texture: sdk_button_up.png: Loading 1 faces(PF_A8R8G8B8,128x32x1) with 5 generated mipmaps from Image. Internal format is PF_A8R8G8B8,128x32x1.
11:37:33: Texture: sdk_text_box.png: Loading 1 faces(PF_A8R8G8B8,32x32x1) with 5 generated mipmaps from Image. Internal format is PF_A8R8G8B8,32x32x1.
11:37:33: Texture: sdk_mini_tray.png: Loading 1 faces(PF_A8R8G8B8,32x32x1) with 5 generated mipmaps from Image. Internal format is PF_A8R8G8B8,32x32x1.
11:37:33: Texture: sdk_track.png: Loading 1 faces(PF_A8R8G8B8,16x32x1) with 5 generated mipmaps from Image. Internal format is PF_A8R8G8B8,16x32x1.
11:37:33: Texture: sdk_handle.png: Loading 1 faces(PF_A8R8G8B8,16x16x1) with 4 generated mipmaps from Image. Internal format is PF_A8R8G8B8,16x16x1.
11:37:33: Texture: sdk_mini_text_box.png: Loading 1 faces(PF_A8R8G8B8,32x32x1) with 5 generated mipmaps from Image. Internal format is PF_A8R8G8B8,32x32x1.
11:37:33: Texture: sdk_label.png: Loading 1 faces(PF_A8R8G8B8,32x32x1) with 5 generated mipmaps from Image. Internal format is PF_A8R8G8B8,32x32x1.
11:37:33: Texture: sdk_separator.png: Loading 1 faces(PF_A8R8G8B8,64x16x1) with 5 generated mipmaps from Image. Internal format is PF_A8R8G8B8,64x16x1.
11:37:33: Texture: sdk_logo.png: Loading 1 faces(PF_A8R8G8B8,128x64x1) with 5 generated mipmaps from Image. Internal format is PF_A8R8G8B8,128x64x1.
11:37:33: Texture: sdk_shade.png: Loading 1 faces(PF_A8R8G8B8,64x48x1) with 5 generated mipmaps from Image. Internal format is PF_A8R8G8B8,64x48x1.
11:37:33: Texture: sdk_frame.png: Loading 1 faces(PF_A8R8G8B8,32x32x1) with 5 generated mipmaps from Image. Internal format is PF_A8R8G8B8,32x32x1.
11:37:33: Texture: sdk_mini_text_box_over.png: Loading 1 faces(PF_A8R8G8B8,32x32x1) with 5 generated mipmaps from Image. Internal format is PF_A8R8G8B8,32x32x1.
11:37:33: Texture: sdk_pulse.png: Loading 1 faces(PF_R8G8B8,8x1x1) with 3 generated mipmaps from Image. Internal format is PF_X8R8G8B8,8x1x1.
11:37:33: Finished parsing scripts for resource group Essential
11:37:33: Creating resources for group Essential
11:37:33: All done
11:37:33: Parsing scripts for resource group General
11:37:33: Finished parsing scripts for resource group General
11:37:33: Creating resources for group General
11:37:33: All done
11:37:33: Parsing scripts for resource group Internal
11:37:33: Finished parsing scripts for resource group Internal
11:37:33: Creating resources for group Internal
11:37:33: All done
11:37:33: Parsing scripts for resource group Popular
11:37:33: Parsing script DualQuaternion.program
11:37:33: OGRE EXCEPTION(7:InternalErrorException): Unable to compile Cg program Ogre/DualQuaternionHardwareSkinningTwoWeightsTwoPhaseCg: The compile returned an error.
DualQuaternion_Common.cg(167) : warning C7019: "blendWgt" is too large for semantic "BLENDWEIGHT", which is size 1
(0) : error C6007: Constant register limit exceeded; more than 96 constant registers needed to compiled program
(0) : error C6007: Constant register limit exceeded; more than 96 constant registers needed to compiled program
(0) : error C6007: Constant register limit exceeded; more than 96 constant registers needed to compiled program
(0) : error C6007: Constant register limit exceeded; more than 96 constant registers needed to compiled program
(0) : error C6007: Constant register limit exceeded; more than 96 constant registers needed to compiled program
(0) : error C6007: Constant register limit exceeded; more than 96 constant registers needed to compiled program
(0) : error C6007: Constant register limit exceeded; more than 96 constant registers needed to compiled program
(0) : error C6007: Constant register limit exceeded; more than 96 constant registers needed to compiled program
 in CgProgram::compileMicrocode at /home/christian/Downloads/ogre/PlugIns/CgProgramManager/src/OgreCgProgramManagerDll.cpp (line 67)
11:37:33: High-level program Ogre/DualQuaternionHardwareSkinningTwoWeightsTwoPhaseCg encountered an error during loading and is thus not supported.
OGRE EXCEPTION(7:InternalErrorException): Unable to compile Cg program Ogre/DualQuaternionHardwareSkinningTwoWeightsTwoPhaseCg: The compile returned an error.
DualQuaternion_Common.cg(167) : warning C7019: "blendWgt" is too large for semantic "BLENDWEIGHT", which is size 1
(0) : error C6007: Constant register limit exceeded; more than 96 constant registers needed to compiled program
(0) : error C6007: Constant register limit exceeded; more than 96 constant registers needed to compiled program
(0) : error C6007: Constant register limit exceeded; more than 96 constant registers needed to compiled program
(0) : error C6007: Constant register limit exceeded; more than 96 constant registers needed to compiled program
(0) : error C6007: Constant register limit exceeded; more than 96 constant registers needed to compiled program
(0) : error C6007: Constant register limit exceeded; more than 96 constant registers needed to compiled program
(0) : error C6007: Constant register limit exceeded; more than 96 constant registers needed to compiled program
(0) : error C6007: Constant register limit exceeded; more than 96 constant registers needed to compiled program
 in CgProgram::compileMicrocode at /home/christian/Downloads/ogre/PlugIns/CgProgramManager/src/OgreCgProgramManagerDll.cpp (line 67)
11:37:33: OGRE EXCEPTION(2:InvalidParametersException): Named constants have not been initialised, perhaps a compile error. in GpuProgramParameters::_findNamedConstantDefinition at /home/christian/Downloads/ogre/OgreMain/src/OgreGpuProgramParams.cpp (line 1709)
11:37:33: Compiler error: invalid parameters in DualQuaternion.program(28): setting of constant failed
11:37:33: Parsing script Examples.program
11:37:33: Parsing script StdQuad_vp.program
11:37:33: Parsing script Instancing.program
11:37:33: Parsing script deferred_post.program
11:37:33: Parsing script ShadowCaster.program
11:37:33: Parsing script GBuffer.program
11:37:33: Parsing script triplanarReference.program
11:37:33: Parsing script DualQuaternion.material
11:37:33: Parsing script shadows.material
11:37:33: Parsing script DOF.material
11:37:33: Parsing script HW_VTF_LUTInstancing.material
11:37:33: Parsing script Examples-Water.material
11:37:33: Parsing script Example-Water.material
11:37:33: Parsing script RasterizationOrder.material
11:37:33: Parsing script facial.material
11:37:33: Parsing script Examples-DynTex.material
11:37:33: Parsing script Posterize.material
11:37:33: Parsing script instancing.material
11:37:33: Parsing script DepthShadowmap.material
11:37:33: Parsing script sibenik.material
11:37:33: Parsing script Invert.material
11:37:33: Parsing script NightVision.material
11:37:33: Parsing script HWInstancing.material
11:37:33: Parsing script Ocean.material
11:37:33: Parsing script Laplace.material
11:37:33: Parsing script RadialBlur.material
11:37:33: Parsing script ShaderInstancing.material
11:37:33: Parsing script CGSwizzle.material
11:37:33: Parsing script BlackAndWhite.material
11:37:33: Parsing script Dither.material
11:37:33: Parsing script HW_VTFInstancing.material
11:37:33: Parsing script Embossed.material
11:37:33: Parsing script Halftone.material
11:37:33: Parsing script IsoSurf.material
11:37:33: Parsing script MRTtest.material
11:37:33: Parsing script SharpenEdges.material
11:37:33: Parsing script Bloom.material
11:37:33: Parsing script smoke.material
11:37:33: Parsing script ShaderSystem.material
11:37:33: Parsing script OldTV.material
11:37:33: Parsing script AdaptivePNTrianglesTessellation.material
11:37:33: Parsing script pssm.material
11:37:33: Parsing script Glass.material
11:37:33: Parsing script Hurt.material
11:37:33: Parsing script InstancingMisc.material
11:37:33: Parsing script RZR-002.material
11:37:33: Parsing script ASCII.material
11:37:33: Parsing script Examples.material
11:37:33: Parsing script GLSLSwizzle.material
11:37:33: Parsing script Penguin.material
11:37:33: Parsing script VarianceShadowmap.material
11:37:33: Parsing script OffsetMapping.material
11:37:33: Compiler error: object unsupported by render system in OffsetMapping.material(35): , Shader name: Examples/OffsetMappingPSAsm
11:37:33: Parsing script CompositorDemo.material
11:37:33: Parsing script Examples-Advanced.material
11:37:33: Compiler error: object unsupported by render system in Examples-Advanced.material(728): , Shader name: Examples/FresnelRefractReflectPS
11:37:33: Compiler error: object unsupported by render system in Examples-Advanced.material(1027): , Shader name: Examples/TextureArrayPSasm
11:37:33: Parsing script hdr.material
11:37:33: Parsing script Tiling.material
11:37:33: Parsing script ASMSwizzle.material
11:37:33: Compiler error: object unsupported by render system in ASMSwizzle.material(1): , Shader name: Ogre/GPTest/Swizzle_GP_ASM
11:37:33: Parsing script HeatVision.material
11:37:33: Parsing script VTFInstancing.material
11:37:33: Parsing script OldMovie.material
11:37:33: Parsing script Ogre.material
11:37:33: Parsing script Bloom2.material
11:37:33: Parsing script Tesselation.material
11:37:33: Parsing script ParticleGS.material
11:37:33: Parsing script MotionBlur.material
11:37:33: Parsing script deferred_post.material
11:37:33: Parsing script ShadowCaster.material
11:37:33: Parsing script deferreddemo.material
11:37:33: Parsing script deferred_post_minilight.material
11:37:33: Parsing script ssao.material
11:37:33: Parsing script ROOM.material
11:37:33: Parsing script TriplanarTexturing.material
11:37:33: Compiler error: unknown error in TriplanarTexturing.material(9): token "rtshader_system" is not recognized
11:37:33: Parsing script DualQuaternionSkinning_Shadow.material
11:37:33: OGRE EXCEPTION(6:FileNotFoundException): Cannot locate resource DualQuaternionSkinning_Shadow.cg in resource group Popular or any other group. in ResourceGroupManager::openResource at /home/christian/Downloads/ogre/OgreMain/src/OgreResourceGroupManager.cpp (line 756)
11:37:33: High-level program Ogre/RTShader/shadow_caster_dq_ps_cg encountered an error during loading and is thus not supported.
OGRE EXCEPTION(6:FileNotFoundException): Cannot locate resource DualQuaternionSkinning_Shadow.cg in resource group Popular or any other group. in ResourceGroupManager::openResource at /home/christian/Downloads/ogre/OgreMain/src/OgreResourceGroupManager.cpp (line 756)
11:37:33: OGRE EXCEPTION(6:FileNotFoundException): Cannot locate resource DualQuaternionSkinning_Shadow.cg in resource group Popular or any other group. in ResourceGroupManager::openResource at /home/christian/Downloads/ogre/OgreMain/src/OgreResourceGroupManager.cpp (line 756)
11:37:33: High-level program Ogre/RTShader/shadow_caster_dq_skinning_1weight_vs_cg encountered an error during loading and is thus not supported.
OGRE EXCEPTION(6:FileNotFoundException): Cannot locate resource DualQuaternionSkinning_Shadow.cg in resource group Popular or any other group. in ResourceGroupManager::openResource at /home/christian/Downloads/ogre/OgreMain/src/OgreResourceGroupManager.cpp (line 756)
11:37:33: OGRE EXCEPTION(2:InvalidParametersException): Named constants have not been initialised, perhaps a compile error. in GpuProgramParameters::_findNamedConstantDefinition at /home/christian/Downloads/ogre/OgreMain/src/OgreGpuProgramParams.cpp (line 1709)
11:37:33: Compiler error: invalid parameters in DualQuaternionSkinning_Shadow.material(180): setting of constant failed
11:37:33: OGRE EXCEPTION(2:InvalidParametersException): Named constants have not been initialised, perhaps a compile error. in GpuProgramParameters::_findNamedConstantDefinition at /home/christian/Downloads/ogre/OgreMain/src/OgreGpuProgramParams.cpp (line 1709)
11:37:33: Compiler error: invalid parameters in DualQuaternionSkinning_Shadow.material(181): setting of constant failed
11:37:33: OGRE EXCEPTION(2:InvalidParametersException): Named constants have not been initialised, perhaps a compile error. in GpuProgramParameters::_findNamedConstantDefinition at /home/christian/Downloads/ogre/OgreMain/src/OgreGpuProgramParams.cpp (line 1709)
11:37:33: Compiler error: invalid parameters in DualQuaternionSkinning_Shadow.material(182): setting of constant failed
11:37:33: OGRE EXCEPTION(6:FileNotFoundException): Cannot locate resource DualQuaternionSkinning_Shadow.cg in resource group Popular or any other group. in ResourceGroupManager::openResource at /home/christian/Downloads/ogre/OgreMain/src/OgreResourceGroupManager.cpp (line 756)
11:37:33: High-level program Ogre/RTShader/shadow_caster_dq_skinning_2weight_vs_cg encountered an error during loading and is thus not supported.
OGRE EXCEPTION(6:FileNotFoundException): Cannot locate resource DualQuaternionSkinning_Shadow.cg in resource group Popular or any other group. in ResourceGroupManager::openResource at /home/christian/Downloads/ogre/OgreMain/src/OgreResourceGroupManager.cpp (line 756)
11:37:33: OGRE EXCEPTION(2:InvalidParametersException): Named constants have not been initialised, perhaps a compile error. in GpuProgramParameters::_findNamedConstantDefinition at /home/christian/Downloads/ogre/OgreMain/src/OgreGpuProgramParams.cpp (line 1709)
11:37:33: Compiler error: invalid parameters in DualQuaternionSkinning_Shadow.material(196): setting of constant failed
11:37:33: OGRE EXCEPTION(2:InvalidParametersException): Named constants have not been initialised, perhaps a compile error. in GpuProgramParameters::_findNamedConstantDefinition at /home/christian/Downloads/ogre/OgreMain/src/OgreGpuProgramParams.cpp (line 1709)
11:37:33: Compiler error: invalid parameters in DualQuaternionSkinning_Shadow.material(197): setting of constant failed
11:37:33: OGRE EXCEPTION(2:InvalidParametersException): Named constants have not been initialised, perhaps a compile error. in GpuProgramParameters::_findNamedConstantDefinition at /home/christian/Downloads/ogre/OgreMain/src/OgreGpuProgramParams.cpp (line 1709)
11:37:33: Compiler error: invalid parameters in DualQuaternionSkinning_Shadow.material(198): setting of constant failed
11:37:33: OGRE EXCEPTION(6:FileNotFoundException): Cannot locate resource DualQuaternionSkinning_Shadow.cg in resource group Popular or any other group. in ResourceGroupManager::openResource at /home/christian/Downloads/ogre/OgreMain/src/OgreResourceGroupManager.cpp (line 756)
11:37:33: High-level program Ogre/RTShader/shadow_caster_dq_skinning_3weight_vs_cg encountered an error during loading and is thus not supported.
OGRE EXCEPTION(6:FileNotFoundException): Cannot locate resource DualQuaternionSkinning_Shadow.cg in resource group Popular or any other group. in ResourceGroupManager::openResource at /home/christian/Downloads/ogre/OgreMain/src/OgreResourceGroupManager.cpp (line 756)
11:37:33: OGRE EXCEPTION(2:InvalidParametersException): Named constants have not been initialised, perhaps a compile error. in GpuProgramParameters::_findNamedConstantDefinition at /home/christian/Downloads/ogre/OgreMain/src/OgreGpuProgramParams.cpp (line 1709)
11:37:33: Compiler error: invalid parameters in DualQuaternionSkinning_Shadow.material(211): setting of constant failed
11:37:33: OGRE EXCEPTION(2:InvalidParametersException): Named constants have not been initialised, perhaps a compile error. in GpuProgramParameters::_findNamedConstantDefinition at /home/christian/Downloads/ogre/OgreMain/src/OgreGpuProgramParams.cpp (line 1709)
11:37:33: Compiler error: invalid parameters in DualQuaternionSkinning_Shadow.material(212): setting of constant failed
11:37:33: OGRE EXCEPTION(2:InvalidParametersException): Named constants have not been initialised, perhaps a compile error. in GpuProgramParameters::_findNamedConstantDefinition at /home/christian/Downloads/ogre/OgreMain/src/OgreGpuProgramParams.cpp (line 1709)
11:37:33: Compiler error: invalid parameters in DualQuaternionSkinning_Shadow.material(213): setting of constant failed
11:37:33: OGRE EXCEPTION(6:FileNotFoundException): Cannot locate resource DualQuaternionSkinning_Shadow.cg in resource group Popular or any other group. in ResourceGroupManager::openResource at /home/christian/Downloads/ogre/OgreMain/src/OgreResourceGroupManager.cpp (line 756)
11:37:33: High-level program Ogre/RTShader/shadow_caster_dq_skinning_4weight_vs_cg encountered an error during loading and is thus not supported.
OGRE EXCEPTION(6:FileNotFoundException): Cannot locate resource DualQuaternionSkinning_Shadow.cg in resource group Popular or any other group. in ResourceGroupManager::openResource at /home/christian/Downloads/ogre/OgreMain/src/OgreResourceGroupManager.cpp (line 756)
11:37:33: OGRE EXCEPTION(2:InvalidParametersException): Named constants have not been initialised, perhaps a compile error. in GpuProgramParameters::_findNamedConstantDefinition at /home/christian/Downloads/ogre/OgreMain/src/OgreGpuProgramParams.cpp (line 1709)
11:37:33: Compiler error: invalid parameters in DualQuaternionSkinning_Shadow.material(227): setting of constant failed
11:37:33: OGRE EXCEPTION(2:InvalidParametersException): Named constants have not been initialised, perhaps a compile error. in GpuProgramParameters::_findNamedConstantDefinition at /home/christian/Downloads/ogre/OgreMain/src/OgreGpuProgramParams.cpp (line 1709)
11:37:33: Compiler error: invalid parameters in DualQuaternionSkinning_Shadow.material(228): setting of constant failed
11:37:33: OGRE EXCEPTION(2:InvalidParametersException): Named constants have not been initialised, perhaps a compile error. in GpuProgramParameters::_findNamedConstantDefinition at /home/christian/Downloads/ogre/OgreMain/src/OgreGpuProgramParams.cpp (line 1709)
11:37:33: Compiler error: invalid parameters in DualQuaternionSkinning_Shadow.material(229): setting of constant failed
11:37:33: OGRE EXCEPTION(6:FileNotFoundException): Cannot locate resource DualQuaternionSkinning_Shadow.cg in resource group Popular or any other group. in ResourceGroupManager::openResource at /home/christian/Downloads/ogre/OgreMain/src/OgreResourceGroupManager.cpp (line 756)
11:37:33: High-level program Ogre/RTShader/shadow_caster_dq_skinning_1weight_twophase_vs_cg encountered an error during loading and is thus not supported.
OGRE EXCEPTION(6:FileNotFoundException): Cannot locate resource DualQuaternionSkinning_Shadow.cg in resource group Popular or any other group. in ResourceGroupManager::openResource at /home/christian/Downloads/ogre/OgreMain/src/OgreResourceGroupManager.cpp (line 756)
11:37:33: OGRE EXCEPTION(2:InvalidParametersException): Named constants have not been initialised, perhaps a compile error. in GpuProgramParameters::_findNamedConstantDefinition at /home/christian/Downloads/ogre/OgreMain/src/OgreGpuProgramParams.cpp (line 1709)
11:37:33: Compiler error: invalid parameters in DualQuaternionSkinning_Shadow.material(242): setting of constant failed
11:37:33: OGRE EXCEPTION(2:InvalidParametersException): Named constants have not been initialised, perhaps a compile error. in GpuProgramParameters::_findNamedConstantDefinition at /home/christian/Downloads/ogre/OgreMain/src/OgreGpuProgramParams.cpp (line 1709)
11:37:33: Compiler error: invalid parameters in DualQuaternionSkinning_Shadow.material(243): setting of constant failed
11:37:33: OGRE EXCEPTION(2:InvalidParametersException): Named constants have not been initialised, perhaps a compile error. in GpuProgramParameters::_findNamedConstantDefinition at /home/christian/Downloads/ogre/OgreMain/src/OgreGpuProgramParams.cpp (line 1709)
11:37:33: Compiler error: invalid parameters in DualQuaternionSkinning_Shadow.material(244): setting of constant failed
11:37:33: OGRE EXCEPTION(2:InvalidParametersException): Named constants have not been initialised, perhaps a compile error. in GpuProgramParameters::_findNamedConstantDefinition at /home/christian/Downloads/ogre/OgreMain/src/OgreGpuProgramParams.cpp (line 1709)
11:37:33: Compiler error: invalid parameters in DualQuaternionSkinning_Shadow.material(245): setting of constant failed
11:37:33: OGRE EXCEPTION(6:FileNotFoundException): Cannot locate resource DualQuaternionSkinning_Shadow.cg in resource group Popular or any other group. in ResourceGroupManager::openResource at /home/christian/Downloads/ogre/OgreMain/src/OgreResourceGroupManager.cpp (line 756)
11:37:33: High-level program Ogre/RTShader/shadow_caster_dq_skinning_2weight_twophase_vs_cg encountered an error during loading and is thus not supported.
OGRE EXCEPTION(6:FileNotFoundException): Cannot locate resource DualQuaternionSkinning_Shadow.cg in resource group Popular or any other group. in ResourceGroupManager::openResource at /home/christian/Downloads/ogre/OgreMain/src/OgreResourceGroupManager.cpp (line 756)
11:37:33: OGRE EXCEPTION(2:InvalidParametersException): Named constants have not been initialised, perhaps a compile error. in GpuProgramParameters::_findNamedConstantDefinition at /home/christian/Downloads/ogre/OgreMain/src/OgreGpuProgramParams.cpp (line 1709)
11:37:33: Compiler error: invalid parameters in DualQuaternionSkinning_Shadow.material(259): setting of constant failed
11:37:33: OGRE EXCEPTION(2:InvalidParametersException): Named constants have not been initialised, perhaps a compile error. in GpuProgramParameters::_findNamedConstantDefinition at /home/christian/Downloads/ogre/OgreMain/src/OgreGpuProgramParams.cpp (line 1709)
11:37:33: Compiler error: invalid parameters in DualQuaternionSkinning_Shadow.material(260): setting of constant failed
11:37:33: OGRE EXCEPTION(2:InvalidParametersException): Named constants have not been initialised, perhaps a compile error. in GpuProgramParameters::_findNamedConstantDefinition at /home/christian/Downloads/ogre/OgreMain/src/OgreGpuProgramParams.cpp (line 1709)
11:37:33: Compiler error: invalid parameters in DualQuaternionSkinning_Shadow.material(261): setting of constant failed
11:37:33: OGRE EXCEPTION(2:InvalidParametersException): Named constants have not been initialised, perhaps a compile error. in GpuProgramParameters::_findNamedConstantDefinition at /home/christian/Downloads/ogre/OgreMain/src/OgreGpuProgramParams.cpp (line 1709)
11:37:33: Compiler error: invalid parameters in DualQuaternionSkinning_Shadow.material(262): setting of constant failed
11:37:33: Parsing script RTShaderSystem.material
11:37:33: Compiler error: unknown error in RTShaderSystem.material(23): token "rtshader_system" is not recognized
11:37:33: Compiler error: unknown error in RTShaderSystem.material(52): token "rtshader_system" is not recognized
11:37:33: Compiler error: unknown error in RTShaderSystem.material(81): token "rtshader_system" is not recognized
11:37:33: Compiler error: unknown error in RTShaderSystem.material(110): token "rtshader_system" is not recognized
11:37:33: Compiler error: unknown error in RTShaderSystem.material(146): token "rtshader_system" is not recognized
11:37:33: Compiler error: unknown error in RTShaderSystem.material(81): token "rtshader_system" is not recognized
11:37:33: Compiler error: unknown error in RTShaderSystem.material(162): token "rtshader_system" is not recognized
11:37:33: Compiler error: unknown error in RTShaderSystem.material(81): token "rtshader_system" is not recognized
11:37:33: Compiler error: unknown error in RTShaderSystem.material(110): token "rtshader_system" is not recognized
11:37:33: Compiler error: unknown error in RTShaderSystem.material(211): token "rtshader_system" is not recognized
11:37:33: Parsing script HardwareSkinningShadow.material
11:37:33: OGRE EXCEPTION(6:FileNotFoundException): Cannot locate resource HardwareSkinningShadow.cg in resource group Popular or any other group. in ResourceGroupManager::openResource at /home/christian/Downloads/ogre/OgreMain/src/OgreResourceGroupManager.cpp (line 756)
11:37:33: High-level program Ogre/RTShader/shadow_caster_ps_cg encountered an error during loading and is thus not supported.
OGRE EXCEPTION(6:FileNotFoundException): Cannot locate resource HardwareSkinningShadow.cg in resource group Popular or any other group. in ResourceGroupManager::openResource at /home/christian/Downloads/ogre/OgreMain/src/OgreResourceGroupManager.cpp (line 756)
11:37:33: OGRE EXCEPTION(6:FileNotFoundException): Cannot locate resource HardwareSkinningShadow.cg in resource group Popular or any other group. in ResourceGroupManager::openResource at /home/christian/Downloads/ogre/OgreMain/src/OgreResourceGroupManager.cpp (line 756)
11:37:33: High-level program Ogre/RTShader/shadow_caster_skinning_1weight_vs_cg encountered an error during loading and is thus not supported.
OGRE EXCEPTION(6:FileNotFoundException): Cannot locate resource HardwareSkinningShadow.cg in resource group Popular or any other group. in ResourceGroupManager::openResource at /home/christian/Downloads/ogre/OgreMain/src/OgreResourceGroupManager.cpp (line 756)
11:37:33: OGRE EXCEPTION(2:InvalidParametersException): Named constants have not been initialised, perhaps a compile error. in GpuProgramParameters::_findNamedConstantDefinition at /home/christian/Downloads/ogre/OgreMain/src/OgreGpuProgramParams.cpp (line 1709)
11:37:33: Compiler error: invalid parameters in HardwareSkinningShadow.material(29): setting of constant failed
11:37:33: OGRE EXCEPTION(2:InvalidParametersException): Named constants have not been initialised, perhaps a compile error. in GpuProgramParameters::_findNamedConstantDefinition at /home/christian/Downloads/ogre/OgreMain/src/OgreGpuProgramParams.cpp (line 1709)
11:37:33: Compiler error: invalid parameters in HardwareSkinningShadow.material(30): setting of constant failed
11:37:33: OGRE EXCEPTION(6:FileNotFoundException): Cannot locate resource HardwareSkinningShadow.cg in resource group Popular or any other group. in ResourceGroupManager::openResource at /home/christian/Downloads/ogre/OgreMain/src/OgreResourceGroupManager.cpp (line 756)
11:37:33: High-level program Ogre/RTShader/shadow_caster_skinning_2weight_vs_cg encountered an error during loading and is thus not supported.
OGRE EXCEPTION(6:FileNotFoundException): Cannot locate resource HardwareSkinningShadow.cg in resource group Popular or any other group. in ResourceGroupManager::openResource at /home/christian/Downloads/ogre/OgreMain/src/OgreResourceGroupManager.cpp (line 756)
11:37:33: OGRE EXCEPTION(2:InvalidParametersException): Named constants have not been initialised, perhaps a compile error. in GpuProgramParameters::_findNamedConstantDefinition at /home/christian/Downloads/ogre/OgreMain/src/OgreGpuProgramParams.cpp (line 1709)
11:37:33: Compiler error: invalid parameters in HardwareSkinningShadow.material(43): setting of constant failed
11:37:33: OGRE EXCEPTION(2:InvalidParametersException): Named constants have not been initialised, perhaps a compile error. in GpuProgramParameters::_findNamedConstantDefinition at /home/christian/Downloads/ogre/OgreMain/src/OgreGpuProgramParams.cpp (line 1709)
11:37:33: Compiler error: invalid parameters in HardwareSkinningShadow.material(44): setting of constant failed
11:37:33: OGRE EXCEPTION(6:FileNotFoundException): Cannot locate resource HardwareSkinningShadow.cg in resource group Popular or any other group. in ResourceGroupManager::openResource at /home/christian/Downloads/ogre/OgreMain/src/OgreResourceGroupManager.cpp (line 756)
11:37:33: High-level program Ogre/RTShader/shadow_caster_skinning_3weight_vs_cg encountered an error during loading and is thus not supported.
OGRE EXCEPTION(6:FileNotFoundException): Cannot locate resource HardwareSkinningShadow.cg in resource group Popular or any other group. in ResourceGroupManager::openResource at /home/christian/Downloads/ogre/OgreMain/src/OgreResourceGroupManager.cpp (line 756)
11:37:33: OGRE EXCEPTION(2:InvalidParametersException): Named constants have not been initialised, perhaps a compile error. in GpuProgramParameters::_findNamedConstantDefinition at /home/christian/Downloads/ogre/OgreMain/src/OgreGpuProgramParams.cpp (line 1709)
11:37:33: Compiler error: invalid parameters in HardwareSkinningShadow.material(57): setting of constant failed
11:37:33: OGRE EXCEPTION(2:InvalidParametersException): Named constants have not been initialised, perhaps a compile error. in GpuProgramParameters::_findNamedConstantDefinition at /home/christian/Downloads/ogre/OgreMain/src/OgreGpuProgramParams.cpp (line 1709)
11:37:33: Compiler error: invalid parameters in HardwareSkinningShadow.material(58): setting of constant failed
11:37:33: OGRE EXCEPTION(6:FileNotFoundException): Cannot locate resource HardwareSkinningShadow.cg in resource group Popular or any other group. in ResourceGroupManager::openResource at /home/christian/Downloads/ogre/OgreMain/src/OgreResourceGroupManager.cpp (line 756)
11:37:33: High-level program Ogre/RTShader/shadow_caster_skinning_4weight_vs_cg encountered an error during loading and is thus not supported.
OGRE EXCEPTION(6:FileNotFoundException): Cannot locate resource HardwareSkinningShadow.cg in resource group Popular or any other group. in ResourceGroupManager::openResource at /home/christian/Downloads/ogre/OgreMain/src/OgreResourceGroupManager.cpp (line 756)
11:37:33: OGRE EXCEPTION(2:InvalidParametersException): Named constants have not been initialised, perhaps a compile error. in GpuProgramParameters::_findNamedConstantDefinition at /home/christian/Downloads/ogre/OgreMain/src/OgreGpuProgramParams.cpp (line 1709)
11:37:33: Compiler error: invalid parameters in HardwareSkinningShadow.material(72): setting of constant failed
11:37:33: OGRE EXCEPTION(2:InvalidParametersException): Named constants have not been initialised, perhaps a compile error. in GpuProgramParameters::_findNamedConstantDefinition at /home/christian/Downloads/ogre/OgreMain/src/OgreGpuProgramParams.cpp (line 1709)
11:37:33: Compiler error: invalid parameters in HardwareSkinningShadow.material(73): setting of constant failed
11:37:33: OGRE EXCEPTION(6:FileNotFoundException): Cannot locate resource HardwareSkinningShadow.cg in resource group Popular or any other group. in ResourceGroupManager::openResource at /home/christian/Downloads/ogre/OgreMain/src/OgreResourceGroupManager.cpp (line 756)
11:37:33: High-level program Ogre/RTShader/shadow_receiver_vs encountered an error during loading and is thus not supported.
OGRE EXCEPTION(6:FileNotFoundException): Cannot locate resource HardwareSkinningShadow.cg in resource group Popular or any other group. in ResourceGroupManager::openResource at /home/christian/Downloads/ogre/OgreMain/src/OgreResourceGroupManager.cpp (line 756)
11:37:33: OGRE EXCEPTION(2:InvalidParametersException): Named constants have not been initialised, perhaps a compile error. in GpuProgramParameters::_findNamedConstantDefinition at /home/christian/Downloads/ogre/OgreMain/src/OgreGpuProgramParams.cpp (line 1709)
11:37:33: Compiler error: invalid parameters in HardwareSkinningShadow.material(302): setting of constant failed
11:37:33: OGRE EXCEPTION(6:FileNotFoundException): Cannot locate resource HardwareSkinningShadow.cg in resource group Popular or any other group. in ResourceGroupManager::openResource at /home/christian/Downloads/ogre/OgreMain/src/OgreResourceGroupManager.cpp (line 756)
11:37:33: High-level program Ogre/RTShader/shadow_receiver_ps encountered an error during loading and is thus not supported.
OGRE EXCEPTION(6:FileNotFoundException): Cannot locate resource HardwareSkinningShadow.cg in resource group Popular or any other group. in ResourceGroupManager::openResource at /home/christian/Downloads/ogre/OgreMain/src/OgreResourceGroupManager.cpp (line 756)
11:37:33: Parsing script GBuffer.material
11:37:33: Parsing script HemisphereMC.material
11:37:33: Parsing script ShowNormals.material
11:37:33: Parsing script CreaseShading.material
11:37:33: Parsing script Modulate.material
11:37:33: Parsing script ShowViewPos.material
11:37:33: Parsing script HorizonBased.material
11:37:33: Parsing script Volumetric.material
11:37:33: Parsing script ShowDepth.material
11:37:33: Parsing script UnsharpMask.material
11:37:33: Parsing script SSAOPost.material
11:37:33: Parsing script Crytek.material
11:37:33: Parsing script triplanarReference.material
11:37:33: Parsing script RomanBath.material
11:37:33: Parsing script Sinbad.material
11:37:33: Parsing script Examples-Water.particle
11:37:33: Parsing script emitted_emitter.particle
11:37:33: Parsing script smoke.particle
11:37:33: Parsing script Examples.particle
11:37:33: Parsing script Examples.compositor
11:37:33: Parsing script deferred.compositor
11:37:33: Parsing script ssao.compositor
11:37:33: Parsing script SSAO.compositor
11:37:33: Parsing script SSAOPost.compositor
11:37:33: Finished parsing scripts for resource group Popular
11:37:33: Creating resources for group Popular
11:37:33: All done
11:37:33: Parsing scripts for resource group Tests
11:37:33: Parsing script cigarette.material
11:37:33: Parsing script cvn68.material
11:37:33: Parsing script ddg51.material
11:37:33: Parsing script alienship.material
11:37:33: Compiler error: unknown error in alienship.material(90): token "1.0," is not recognized
11:37:33: Parsing script sleek.material
11:37:33: Finished parsing scripts for resource group Tests
11:37:33: Creating resources for group Tests
11:37:33: All done
11:37:33: Mesh: Loading robot.mesh.
11:37:33: Skeleton: Loading robot.skeleton
11:37:33: Texture: r2skin.jpg: Loading 1 faces(PF_R8G8B8,512x512x1) with 5 generated mipmaps from Image. Internal format is PF_X8R8G8B8,512x512x1.
11:37:33: Texture: waves2.dds: Loading 1 faces(PF_A8R8G8B8,256x256x1) with 5 generated mipmaps from Image. Internal format is PF_A8R8G8B8,256x256x1.
11:37:33: Texture: morning.jpg: Loading 6 faces(PF_R8G8B8,512x512x1) with 5 generated mipmaps from multiple Images. Internal format is PF_X8R8G8B8,512x512x1.
11:37:33: Texture: morning_fr.jpg: Loading 1 faces(PF_R8G8B8,512x512x1) with 5 generated mipmaps from Image. Internal format is PF_X8R8G8B8,512x512x1.
11:37:33: Texture: morning_bk.jpg: Loading 1 faces(PF_R8G8B8,512x512x1) with 5 generated mipmaps from Image. Internal format is PF_X8R8G8B8,512x512x1.
11:37:33: Texture: morning_lf.jpg: Loading 1 faces(PF_R8G8B8,512x512x1) with 5 generated mipmaps from Image. Internal format is PF_X8R8G8B8,512x512x1.
11:37:33: Texture: morning_rt.jpg: Loading 1 faces(PF_R8G8B8,512x512x1) with 5 generated mipmaps from Image. Internal format is PF_X8R8G8B8,512x512x1.
11:37:33: Texture: morning_up.jpg: Loading 1 faces(PF_R8G8B8,512x512x1) with 5 generated mipmaps from Image. Internal format is PF_X8R8G8B8,512x512x1.
11:37:33: Texture: morning_dn.jpg: Loading 1 faces(PF_R8G8B8,512x512x1) with 5 generated mipmaps from Image. Internal format is PF_X8R8G8B8,512x512x1.
11:37:33: Mesh: Loading ddg51.mesh.
11:37:33: Can't assign material C000015/SOLID/TEX/ecslHorizontal.bmp to SubEntity of Ogre/MO3 because this Material does not exist. Have you forgotten to define it in a .material script?
11:37:33: Can't assign material C000018/SOLID/TEX/ecslHorizontal.bmp to SubEntity of Ogre/MO3 because this Material does not exist. Have you forgotten to define it in a .material script?
11:37:33: Can't assign material C000013/SOLID/TEX/ecslHorizontal.bmp to SubEntity of Ogre/MO3 because this Material does not exist. Have you forgotten to define it in a .material script?
11:37:33: Can't assign material C000016/SOLID/TEX/ecslHorizontal.bmp to SubEntity of Ogre/MO3 because this Material does not exist. Have you forgotten to define it in a .material script?
11:37:33: Can't assign material C000005/SOLID/TEX/ecslHorizontal.bmp to SubEntity of Ogre/MO3 because this Material does not exist. Have you forgotten to define it in a .material script?
11:37:33: Can't assign material C000011/SOLID/TEX/ecslHorizontal.bmp to SubEntity of Ogre/MO3 because this Material does not exist. Have you forgotten to define it in a .material script?
11:37:33: Can't assign material C000017/SOLID/TEX/ecslHorizontal.bmp to SubEntity of Ogre/MO3 because this Material does not exist. Have you forgotten to define it in a .material script?
11:37:33: Can't assign material C000004/SOLID/TEX/ecslHorizontal.bmp to SubEntity of Ogre/MO3 because this Material does not exist. Have you forgotten to define it in a .material script?
11:37:33: Can't assign material C000003/SOLID/TEX/ecslHorizontal.bmp to SubEntity of Ogre/MO3 because this Material does not exist. Have you forgotten to define it in a .material script?
11:37:33: Can't assign material C000002/SOLID/TEX/ecslHorizontal.bmp to SubEntity of Ogre/MO3 because this Material does not exist. Have you forgotten to define it in a .material script?
11:37:33: Can't assign material C000012/SOLID/TEX/ecslHorizontal.bmp to SubEntity of Ogre/MO3 because this Material does not exist. Have you forgotten to define it in a .material script?
11:37:33: Can't assign material C000000/SOLID/TEX/ecslHorizontal.bmp to SubEntity of Ogre/MO3 because this Material does not exist. Have you forgotten to define it in a .material script?
11:37:33: Can't assign material C000007/SOLID/TEX/ecslHorizontal.bmp to SubEntity of Ogre/MO3 because this Material does not exist. Have you forgotten to define it in a .material script?
11:37:33: Can't assign material C000006/SOLID/TEX/ecslHorizontal.bmp to SubEntity of Ogre/MO3 because this Material does not exist. Have you forgotten to define it in a .material script?
11:37:33: Can't assign material Deck/SOLID/TEX/ecslHorizontal.bmp to SubEntity of Ogre/MO3 because this Material does not exist. Have you forgotten to define it in a .material script?
11:37:33: Mesh: Loading cvn68.mesh.
11:37:33: Texture: ecslDark.bmp: Loading 1 faces(PF_R8G8B8,128x128x1) with 5 generated mipmaps from Image. Internal format is PF_X8R8G8B8,128x128x1.
11:37:33: Mesh: Loading cigarette.mesh.
11:37:33: Texture: ecslHorizontal.bmp: Loading 1 faces(PF_R8G8B8,128x128x1) with 5 generated mipmaps from Image. Internal format is PF_X8R8G8B8,128x128x1.
11:37:33: Mesh: Loading sleek.mesh.
11:37:33: Texture: ecsl.bmp: Loading 1 faces(PF_R8G8B8,128x128x1) with 5 generated mipmaps from Image. Internal format is PF_X8R8G8B8,128x128x1.
11:37:33: Mesh: Loading alienship.mesh.
11:37:33: Texture: ALM07.JPG: Loading 1 faces(PF_R8G8B8,512x512x1) with 5 generated mipmaps from Image. Internal format is PF_X8R8G8B8,512x512x1.
11:37:33: *** Initializing OIS ***
11:37:33: Font SdkTrays/Caption using texture size 512x256
11:37:33: Info: Freetype returned null for character 160 in font SdkTrays/Caption
11:37:33: Texture: SdkTrays/CaptionTexture: Loading 1 faces(PF_BYTE_LA,512x256x1) with 0 generated mipmaps from Image. Internal format is PF_BYTE_LA,512x256x1.
11:37:33: Font SdkTrays/Value using texture size 512x256
11:37:33: Info: Freetype returned null for character 127 in font SdkTrays/Value
11:37:33: Info: Freetype returned null for character 128 in font SdkTrays/Value
11:37:33: Info: Freetype returned null for character 129 in font SdkTrays/Value
11:37:33: Info: Freetype returned null for character 130 in font SdkTrays/Value
11:37:33: Info: Freetype returned null for character 131 in font SdkTrays/Value
11:37:33: Info: Freetype returned null for character 132 in font SdkTrays/Value
11:37:33: Info: Freetype returned null for character 133 in font SdkTrays/Value
11:37:33: Info: Freetype returned null for character 134 in font SdkTrays/Value
11:37:33: Info: Freetype returned null for character 135 in font SdkTrays/Value
11:37:33: Info: Freetype returned null for character 136 in font SdkTrays/Value
11:37:33: Info: Freetype returned null for character 137 in font SdkTrays/Value
11:37:33: Info: Freetype returned null for character 138 in font SdkTrays/Value
11:37:33: Info: Freetype returned null for character 139 in font SdkTrays/Value
11:37:33: Info: Freetype returned null for character 140 in font SdkTrays/Value
11:37:33: Info: Freetype returned null for character 141 in font SdkTrays/Value
11:37:33: Info: Freetype returned null for character 142 in font SdkTrays/Value
11:37:33: Info: Freetype returned null for character 143 in font SdkTrays/Value
11:37:33: Info: Freetype returned null for character 144 in font SdkTrays/Value
11:37:33: Info: Freetype returned null for character 145 in font SdkTrays/Value
11:37:33: Info: Freetype returned null for character 146 in font SdkTrays/Value
11:37:33: Info: Freetype returned null for character 147 in font SdkTrays/Value
11:37:33: Info: Freetype returned null for character 148 in font SdkTrays/Value
11:37:33: Info: Freetype returned null for character 149 in font SdkTrays/Value
11:37:33: Info: Freetype returned null for character 150 in font SdkTrays/Value
11:37:33: Info: Freetype returned null for character 151 in font SdkTrays/Value
11:37:33: Info: Freetype returned null for character 152 in font SdkTrays/Value
11:37:33: Info: Freetype returned null for character 153 in font SdkTrays/Value
11:37:33: Info: Freetype returned null for character 154 in font SdkTrays/Value
11:37:33: Info: Freetype returned null for character 155 in font SdkTrays/Value
11:37:33: Info: Freetype returned null for character 156 in font SdkTrays/Value
11:37:33: Info: Freetype returned null for character 157 in font SdkTrays/Value
11:37:33: Info: Freetype returned null for character 158 in font SdkTrays/Value
11:37:33: Info: Freetype returned null for character 159 in font SdkTrays/Value
11:37:33: Info: Freetype returned null for character 160 in font SdkTrays/Value
11:37:33: Texture: SdkTrays/ValueTexture: Loading 1 faces(PF_BYTE_LA,512x256x1) with 0 generated mipmaps from Image. Internal format is PF_BYTE_LA,512x256x1.
11:38:00: Unregistering ResourceManager for type Font
11:38:00: DefaultWorkQueue('Root') shutting down on thread 7fcf97ea5c40.
11:38:00: DefaultWorkQueue('Root')::WorkerFunc - thread 7fcf73fff700 stopped.
11:38:00: DefaultWorkQueue('Root')::WorkerFunc - thread 7fcf81d37700 stopped.
11:38:00: DefaultWorkQueue('Root')::WorkerFunc - thread 7fcf72ffd700 stopped.
11:38:00: DefaultWorkQueue('Root')::WorkerFunc - thread 7fcf737fe700 stopped.
11:38:00: DefaultWorkQueue('Root')::WorkerFunc - thread 7fcf80d35700 stopped.
11:38:00: DefaultWorkQueue('Root')::WorkerFunc - thread 7fcf82538700 stopped.
11:38:00: DefaultWorkQueue('Root')::WorkerFunc - thread 7fcf82d39700 stopped.
11:38:00: DefaultWorkQueue('Root')::WorkerFunc - thread 7fcf81536700 stopped.
11:38:00: PCZone Factory Type 'ZoneType_Octree' unregistered
11:38:00: Unregistering ResourceManager for type BspLevel
11:38:00: *-*-* OGRE Shutdown
11:38:00: Unregistering ResourceManager for type Compositor
11:38:00: Unregistering ResourceManager for type Skeleton
11:38:00: Unregistering ResourceManager for type Mesh
11:38:00: Unregistering ResourceManager for type HighLevelGpuProgram
11:38:00: Uninstalling plugin: Octree Scene Manager
11:38:00: Plugin successfully uninstalled
11:38:00: Unloading library /usr/local/lib/OGRE/Plugin_OctreeSceneManager
11:38:00: Uninstalling plugin: Octree Zone Factory
11:38:00: Plugin successfully uninstalled
11:38:00: Unloading library /usr/local/lib/OGRE/Plugin_OctreeZone
11:38:00: Uninstalling plugin: Portal Connected Zone Scene Manager
11:38:00: Plugin successfully uninstalled
11:38:00: Unloading library /usr/local/lib/OGRE/Plugin_PCZSceneManager
11:38:00: Uninstalling plugin: Cg Program Manager
11:38:00: Plugin successfully uninstalled
11:38:00: Unloading library /usr/local/lib/OGRE/Plugin_CgProgramManager
11:38:00: Uninstalling plugin: BSP Scene Manager
11:38:00: Plugin successfully uninstalled
11:38:00: Unloading library /usr/local/lib/OGRE/Plugin_BSPSceneManager
11:38:00: Uninstalling plugin: ParticleFX
11:38:00: Plugin successfully uninstalled
11:38:00: Unloading library /usr/local/lib/OGRE/Plugin_ParticleFX
11:38:00: Uninstalling plugin: GL RenderSystem
11:38:00: Unregistering ResourceManager for type GpuProgram
11:38:00: ******************************
*** Stopping GLX Subsystem ***
******************************
11:38:00: Unregistering ResourceManager for type Texture
11:38:00: Plugin successfully uninstalled
11:38:00: Unloading library /usr/local/lib/OGRE/RenderSystem_GL
11:38:00: Unregistering ResourceManager for type Material
